
> jarvis-web@0.1.0 dev
> next dev -p 3010 --webpack

   ▲ Next.js 16.0.10 (webpack)
   - Local:         http://localhost:3010
   - Network:       http://10.176.3.36:3010
   - Environments: .env.local, .env
   - Experiments (use with caution):
     · serverActions

 ✓ Starting...
 ✓ Ready in 5.7s
 GET /api/ai/get-config 500 in 3.2s (compile: 3.0s, render: 185ms)
 GET /api/ai/get-config?provider=doubao 500 in 3.2s (compile: 3.0s, render: 185ms)
 GET /api/models/available 500 in 3.2s (compile: 3.0s, render: 205ms)
 GET /api/tokens/balance 200 in 3.5s (compile: 3.3s, render: 210ms)
 GET /api/ai/get-config?provider=doubao 200 in 370ms (compile: 301ms, render: 70ms)
 GET /api/ai/get-config 200 in 745ms (compile: 675ms, render: 71ms)
 GET /api/models/available 200 in 371ms (compile: 295ms, render: 76ms)
 GET /api/sync/user-profile/pull?limit=20 200 in 1030ms (compile: 971ms, render: 59ms)
 GET /api/sync/user-profile/pull?limit=20 200 in 1025ms (compile: 960ms, render: 66ms)
 ○ Compiling /store ...
 GET /api/store/licenses 200 in 2.9s (compile: 2.7s, render: 151ms)
 GET /api/sync/user-profile/pull?limit=20 200 in 10.1s (compile: 9.6s, render: 476ms)
 GET /api/store/licenses 200 in 18ms (compile: 10ms, render: 8ms)
 GET /api/store/plugins 200 in 5.0s (compile: 4.5s, render: 506ms)
 GET /api/store/plugins 200 in 29ms (compile: 5ms, render: 24ms)
 GET /api/store/plugins 200 in 31ms (compile: 5ms, render: 26ms)
 GET /api/store/plugins 200 in 27ms (compile: 8ms, render: 19ms)
 GET /api/models/available 200 in 1822ms (compile: 1742ms, render: 80ms)
 GET /api/ai/get-config 200 in 1954ms (compile: 1869ms, render: 85ms)
 GET /api/ai/get-config?provider=doubao 200 in 1917ms (compile: 1826ms, render: 91ms)
 GET /api/sync/user-profile/pull?limit=20 200 in 22ms (compile: 8ms, render: 14ms)
 GET /api/sync/user-profile/pull?limit=20 200 in 15ms (compile: 6ms, render: 9ms)
 GET /api/sync/user-profile/pull?limit=20 200 in 11ms (compile: 3ms, render: 8ms)
 GET /api/sync/user-profile/pull?limit=20 200 in 16ms (compile: 4ms, render: 11ms)
 GET /api/sync/user-profile/pull?limit=20 200 in 14ms (compile: 4ms, render: 10ms)
 GET /api/sync/user-profile/pull?limit=20 200 in 12ms (compile: 3ms, render: 8ms)
 GET /api/sync/user-profile/pull?limit=20 200 in 12ms (compile: 3ms, render: 8ms)
 GET /api/sync/user-profile/pull?limit=20 200 in 12ms (compile: 3ms, render: 9ms)
 GET /api/sync/user-profile/pull?limit=20 200 in 11ms (compile: 3ms, render: 7ms)
 GET /api/sync/user-profile/pull?limit=20 200 in 15ms (compile: 4ms, render: 11ms)
 ○ Compiling /api/sync/check ...
 POST /tokens/sync 500 in 5.3s
 GET /api/sync/check?clientId=jarvis_client_1171305671&lastSync=2026-03-26T09:39:54Z 200 in 2.4s (compile: 2.4s, render: 84ms)
 GET /api/sync/user-profile/pull?limit=20 200 in 2.2s (compile: 2.1s, render: 89ms)
 GET /api/tokens/balance 200 in 3.9s (compile: 3.8s, render: 96ms)
 GET /api/ai/get-config 200 in 2.0s (compile: 1990ms, render: 52ms)
 GET /api/tokens/balance 200 in 37ms (compile: 17ms, render: 20ms)
 GET /api/user/status 200 in 2.1s
 GET /api/ai/get-config 200 in 30ms (compile: 4ms, render: 26ms)
 GET /api/models/available 200 in 536ms (compile: 513ms, render: 23ms)
 GET /api/tokens/balance 200 in 30ms (compile: 12ms, render: 18ms)
 GET /api/ai/get-config 200 in 49ms (compile: 14ms, render: 35ms)
 GET /api/tokens/balance 200 in 20ms (compile: 4ms, render: 16ms)
 GET /api/ai/get-config 200 in 23ms (compile: 5ms, render: 18ms)
 GET /api/sync/user-profile/pull?limit=20 200 in 29ms (compile: 12ms, render: 17ms)
 GET /api/sync/user-profile/pull?limit=20 200 in 15ms (compile: 4ms, render: 11ms)
 GET /api/tokens/balance 200 in 27ms (compile: 8ms, render: 19ms)
 GET /api/ai/get-config 200 in 36ms (compile: 5ms, render: 32ms)
 POST /api/ai/generate-local 400 in 1760ms (compile: 1507ms, render: 253ms)
 GET /api/sync/user-profile/pull?limit=20 200 in 23ms (compile: 9ms, render: 14ms)
 GET /api/sync/user-profile/pull?limit=20 200 in 15ms (compile: 5ms, render: 10ms)
 GET /api/sync/user-profile/pull?limit=20 200 in 14ms (compile: 4ms, render: 10ms)
 GET /api/sync/user-profile/pull?limit=20 200 in 13ms (compile: 3ms, render: 10ms)
 GET /api/sync/user-profile/pull?limit=20 200 in 15ms (compile: 5ms, render: 10ms)
 POST /tokens/sync 500 in 403ms
 GET /api/tokens/balance 200 in 30ms (compile: 12ms, render: 19ms)
 GET /api/user/status 200 in 373ms
 GET /api/ai/get-config 200 in 38ms (compile: 15ms, render: 24ms)
 GET /api/tokens/balance 200 in 20ms (compile: 4ms, render: 16ms)
 GET /api/ai/get-config 200 in 29ms (compile: 5ms, render: 24ms)
 GET /api/sync/check?clientId=jarvis_client_1171305671&lastSync=2026-03-27T00:11:37Z 200 in 929ms (compile: 898ms, render: 32ms)
 GET /api/models/available 200 in 340ms (compile: 319ms, render: 21ms)
 GET /api/tokens/balance 200 in 32ms (compile: 14ms, render: 19ms)
 GET /api/ai/get-config 200 in 52ms (compile: 14ms, render: 38ms)
 GET /api/sync/user-profile/pull?limit=20 200 in 23ms (compile: 10ms, render: 12ms)
 POST /api/ai/generate-local 500 in 265ms (compile: 248ms, render: 16ms)
 GET /api/sync/user-profile/pull?limit=20 200 in 20ms (compile: 8ms, render: 11ms)
 POST /api/ai/generate-local 500 in 89ms (compile: 75ms, render: 14ms)
 GET /api/sync/user-profile/pull?limit=20 200 in 21ms (compile: 9ms, render: 11ms)
 POST /api/ai/generate-local 200 in 8.3s (compile: 7ms, render: 8.3s)
 GET /api/sync/user-profile/pull?limit=20 200 in 14ms (compile: 4ms, render: 10ms)
 GET /api/sync/user-profile/pull?limit=20 200 in 11ms (compile: 4ms, render: 7ms)
 GET /api/ai/get-config 200 in 446ms (compile: 424ms, render: 21ms)
 GET /api/sync/user-profile/pull?limit=20 200 in 23ms (compile: 9ms, render: 14ms)
 GET /api/sync/user-profile/pull?limit=20 200 in 15ms (compile: 5ms, render: 10ms)
 GET /api/sync/user-profile/pull?limit=20 200 in 11ms (compile: 3ms, render: 8ms)
 GET /api/sync/user-profile/pull?limit=20 200 in 10ms (compile: 3ms, render: 7ms)
 GET /api/sync/user-profile/pull?limit=20 200 in 10ms (compile: 3ms, render: 7ms)
 GET /api/sync/user-profile/pull?limit=20 200 in 12ms (compile: 4ms, render: 8ms)
 GET /api/sync/user-profile/pull?limit=20 200 in 15ms (compile: 7ms, render: 8ms)
[?25h
