2025-12-18 19:54:00:    ▲ Next.js 16.0.3
2025-12-18 19:54:00:    - Local:         http://localhost:3000
2025-12-18 19:54:00:    - Network:       http://10.84.200.48:3000
2025-12-18 19:54:00: 
2025-12-18 19:54:00:  ✓ Starting...
2025-12-18 19:54:01:  ✓ Ready in 1457ms
2025-12-18 19:55:35: prisma:query SELECT `main`.`User`.`id`, `main`.`User`.`email`, `main`.`User`.`username`, `main`.`User`.`password`, `main`.`User`.`name`, `main`.`User`.`avatar`, `main`.`User`.`role`, `main`.`User`.`balance`, `main`.`User`.`tokenBalance`, `main`.`User`.`totalSpent`, `main`.`User`.`isActive`, `main`.`User`.`userType`, `main`.`User`.`age`, `main`.`User`.`gender`, `main`.`User`.`profession`, `main`.`User`.`industry`, `main`.`User`.`education`, `main`.`User`.`country`, `main`.`User`.`province`, `main`.`User`.`city`, `main`.`User`.`address`, `main`.`User`.`phone`, `main`.`User`.`wechat`, `main`.`User`.`qq`, `main`.`User`.`preferredLanguage`, `main`.`User`.`timezone`, `main`.`User`.`tags`, `main`.`User`.`source`, `main`.`User`.`referralCode`, `main`.`User`.`referredBy`, `main`.`User`.`lastLoginAt`, `main`.`User`.`loginCount`, `main`.`User`.`licenseType`, `main`.`User`.`licenseKey`, `main`.`User`.`subscriptionEnd`, `main`.`User`.`createdAt`, `main`.`User`.`updatedAt` FROM `main`.`User` WHERE (`main`.`User`.`email` = ? OR `main`.`User`.`username` = ?) LIMIT ? OFFSET ?
2025-12-18 19:55:38: prisma:query SELECT `main`.`User`.`id`, `main`.`User`.`email`, `main`.`User`.`username`, `main`.`User`.`password`, `main`.`User`.`name`, `main`.`User`.`avatar`, `main`.`User`.`role`, `main`.`User`.`balance`, `main`.`User`.`tokenBalance`, `main`.`User`.`totalSpent`, `main`.`User`.`isActive`, `main`.`User`.`userType`, `main`.`User`.`age`, `main`.`User`.`gender`, `main`.`User`.`profession`, `main`.`User`.`industry`, `main`.`User`.`education`, `main`.`User`.`country`, `main`.`User`.`province`, `main`.`User`.`city`, `main`.`User`.`address`, `main`.`User`.`phone`, `main`.`User`.`wechat`, `main`.`User`.`qq`, `main`.`User`.`preferredLanguage`, `main`.`User`.`timezone`, `main`.`User`.`tags`, `main`.`User`.`source`, `main`.`User`.`referralCode`, `main`.`User`.`referredBy`, `main`.`User`.`lastLoginAt`, `main`.`User`.`loginCount`, `main`.`User`.`licenseType`, `main`.`User`.`licenseKey`, `main`.`User`.`subscriptionEnd`, `main`.`User`.`createdAt`, `main`.`User`.`updatedAt` FROM `main`.`User` WHERE (`main`.`User`.`email` = ? OR `main`.`User`.`username` = ?) LIMIT ? OFFSET ?
2025-12-18 19:57:36: prisma:query SELECT 1
2025-12-18 19:57:36: prisma:query SELECT `main`.`User`.`id`, `main`.`User`.`email`, `main`.`User`.`username`, `main`.`User`.`password`, `main`.`User`.`name`, `main`.`User`.`avatar`, `main`.`User`.`role`, `main`.`User`.`balance`, `main`.`User`.`tokenBalance`, `main`.`User`.`totalSpent`, `main`.`User`.`isActive`, `main`.`User`.`userType`, `main`.`User`.`age`, `main`.`User`.`gender`, `main`.`User`.`profession`, `main`.`User`.`industry`, `main`.`User`.`education`, `main`.`User`.`country`, `main`.`User`.`province`, `main`.`User`.`city`, `main`.`User`.`address`, `main`.`User`.`phone`, `main`.`User`.`wechat`, `main`.`User`.`qq`, `main`.`User`.`preferredLanguage`, `main`.`User`.`timezone`, `main`.`User`.`tags`, `main`.`User`.`source`, `main`.`User`.`referralCode`, `main`.`User`.`referredBy`, `main`.`User`.`lastLoginAt`, `main`.`User`.`loginCount`, `main`.`User`.`licenseType`, `main`.`User`.`licenseKey`, `main`.`User`.`subscriptionEnd`, `main`.`User`.`createdAt`, `main`.`User`.`updatedAt` FROM `main`.`User` WHERE (`main`.`User`.`email` = ? OR `main`.`User`.`username` = ?) LIMIT ? OFFSET ?
2025-12-18 19:57:36: prisma:query SELECT `main`.`User`.`id`, `main`.`User`.`email`, `main`.`User`.`username`, `main`.`User`.`name`, `main`.`User`.`avatar`, `main`.`User`.`tokenBalance`, `main`.`User`.`balance`, `main`.`User`.`totalSpent`, `main`.`User`.`referralCode`, `main`.`User`.`referredBy`, `main`.`User`.`createdAt` FROM `main`.`User` WHERE (`main`.`User`.`id` = ? AND 1=1) LIMIT ? OFFSET ?
2025-12-18 19:57:36: prisma:query SELECT `main`.`Transaction`.`id`, `main`.`Transaction`.`userId`, `main`.`Transaction`.`type`, `main`.`Transaction`.`amount`, `main`.`Transaction`.`tokens`, `main`.`Transaction`.`balance`, `main`.`Transaction`.`tokenBalance`, `main`.`Transaction`.`description`, `main`.`Transaction`.`paymentMethod`, `main`.`Transaction`.`status`, `main`.`Transaction`.`createdAt` FROM `main`.`Transaction` WHERE `main`.`Transaction`.`userId` = ? ORDER BY `main`.`Transaction`.`createdAt` DESC LIMIT ? OFFSET ?
2025-12-18 19:57:36: prisma:query SELECT COUNT(*) AS `_count$_all` FROM (SELECT `main`.`Transaction`.`id` FROM `main`.`Transaction` WHERE `main`.`Transaction`.`userId` = ? LIMIT ? OFFSET ?) AS `sub`
2025-12-18 19:57:36: prisma:query SELECT `main`.`User`.`id`, `main`.`User`.`email`, `main`.`User`.`username`, `main`.`User`.`password`, `main`.`User`.`name`, `main`.`User`.`avatar`, `main`.`User`.`role`, `main`.`User`.`balance`, `main`.`User`.`tokenBalance`, `main`.`User`.`totalSpent`, `main`.`User`.`isActive`, `main`.`User`.`userType`, `main`.`User`.`age`, `main`.`User`.`gender`, `main`.`User`.`profession`, `main`.`User`.`industry`, `main`.`User`.`education`, `main`.`User`.`country`, `main`.`User`.`province`, `main`.`User`.`city`, `main`.`User`.`address`, `main`.`User`.`phone`, `main`.`User`.`wechat`, `main`.`User`.`qq`, `main`.`User`.`preferredLanguage`, `main`.`User`.`timezone`, `main`.`User`.`tags`, `main`.`User`.`source`, `main`.`User`.`referralCode`, `main`.`User`.`referredBy`, `main`.`User`.`lastLoginAt`, `main`.`User`.`loginCount`, `main`.`User`.`licenseType`, `main`.`User`.`licenseKey`, `main`.`User`.`subscriptionEnd`, `main`.`User`.`createdAt`, `main`.`User`.`updatedAt` FROM `main`.`User` WHERE (`main`.`User`.`id` = ? AND 1=1) LIMIT ? OFFSET ?
2025-12-18 19:57:36: prisma:query SELECT `main`.`User`.`id`, `main`.`User`.`username`, `main`.`User`.`email`, `main`.`User`.`tokenBalance`, `main`.`User`.`balance` FROM `main`.`User` WHERE (`main`.`User`.`id` = ? AND 1=1) LIMIT ? OFFSET ?
2025-12-18 19:57:36: prisma:query SELECT `main`.`User`.`id`, `main`.`User`.`username`, `main`.`User`.`email`, `main`.`User`.`createdAt` FROM `main`.`User` WHERE `main`.`User`.`referredBy` = ? ORDER BY `main`.`User`.`createdAt` DESC LIMIT ? OFFSET ?
2025-12-18 19:57:36: prisma:query SELECT `main`.`ReferralCode`.`id`, `main`.`ReferralCode`.`code`, `main`.`ReferralCode`.`uses`, `main`.`ReferralCode`.`maxUses`, `main`.`ReferralCode`.`createdAt`, `main`.`ReferralCode`.`source`, `main`.`ReferralCode`.`note` FROM `main`.`ReferralCode` WHERE `main`.`ReferralCode`.`creatorId` = ? ORDER BY `main`.`ReferralCode`.`createdAt` DESC LIMIT ? OFFSET ?
2025-12-18 19:57:50: prisma:query SELECT `main`.`User`.`id`, `main`.`User`.`username`, `main`.`User`.`email`, `main`.`User`.`tokenBalance`, `main`.`User`.`balance` FROM `main`.`User` WHERE (`main`.`User`.`id` = ? AND 1=1) LIMIT ? OFFSET ?
2025-12-18 19:57:50: prisma:query SELECT `main`.`User`.`id`, `main`.`User`.`email`, `main`.`User`.`username`, `main`.`User`.`password`, `main`.`User`.`name`, `main`.`User`.`avatar`, `main`.`User`.`role`, `main`.`User`.`balance`, `main`.`User`.`tokenBalance`, `main`.`User`.`totalSpent`, `main`.`User`.`isActive`, `main`.`User`.`userType`, `main`.`User`.`age`, `main`.`User`.`gender`, `main`.`User`.`profession`, `main`.`User`.`industry`, `main`.`User`.`education`, `main`.`User`.`country`, `main`.`User`.`province`, `main`.`User`.`city`, `main`.`User`.`address`, `main`.`User`.`phone`, `main`.`User`.`wechat`, `main`.`User`.`qq`, `main`.`User`.`preferredLanguage`, `main`.`User`.`timezone`, `main`.`User`.`tags`, `main`.`User`.`source`, `main`.`User`.`referralCode`, `main`.`User`.`referredBy`, `main`.`User`.`lastLoginAt`, `main`.`User`.`loginCount`, `main`.`User`.`licenseType`, `main`.`User`.`licenseKey`, `main`.`User`.`subscriptionEnd`, `main`.`User`.`createdAt`, `main`.`User`.`updatedAt` FROM `main`.`User` WHERE (`main`.`User`.`id` = ? AND 1=1) LIMIT ? OFFSET ?
2025-12-18 19:57:50: prisma:query SELECT `main`.`User`.`id`, `main`.`User`.`email`, `main`.`User`.`username`, `main`.`User`.`password`, `main`.`User`.`name`, `main`.`User`.`avatar`, `main`.`User`.`role`, `main`.`User`.`balance`, `main`.`User`.`tokenBalance`, `main`.`User`.`totalSpent`, `main`.`User`.`isActive`, `main`.`User`.`userType`, `main`.`User`.`age`, `main`.`User`.`gender`, `main`.`User`.`profession`, `main`.`User`.`industry`, `main`.`User`.`education`, `main`.`User`.`country`, `main`.`User`.`province`, `main`.`User`.`city`, `main`.`User`.`address`, `main`.`User`.`phone`, `main`.`User`.`wechat`, `main`.`User`.`qq`, `main`.`User`.`preferredLanguage`, `main`.`User`.`timezone`, `main`.`User`.`tags`, `main`.`User`.`source`, `main`.`User`.`referralCode`, `main`.`User`.`referredBy`, `main`.`User`.`lastLoginAt`, `main`.`User`.`loginCount`, `main`.`User`.`licenseType`, `main`.`User`.`licenseKey`, `main`.`User`.`subscriptionEnd`, `main`.`User`.`createdAt`, `main`.`User`.`updatedAt` FROM `main`.`User` WHERE (`main`.`User`.`id` = ? AND 1=1) LIMIT ? OFFSET ?
2025-12-18 19:57:50: prisma:query SELECT SUM(`amount`) AS `_sum$amount` FROM (SELECT `main`.`Transaction`.`amount` FROM `main`.`Transaction` WHERE `main`.`Transaction`.`type` = ? LIMIT ? OFFSET ?) AS `sub`
2025-12-18 19:57:50: prisma:query SELECT COUNT(*) AS `_count$_all` FROM (SELECT `main`.`User`.`id` FROM `main`.`User` WHERE 1=1 LIMIT ? OFFSET ?) AS `sub`
2025-12-18 19:57:50: prisma:query SELECT COUNT(*) AS `_count$_all` FROM (SELECT `main`.`User`.`id` FROM `main`.`User` WHERE EXISTS(SELECT `t0`.`userId` FROM `main`.`UsageRecord` AS `t0` WHERE (`t0`.`createdAt` >= ? AND (`main`.`User`.`id`) = (`t0`.`userId`) AND `t0`.`userId` IS NOT NULL)) LIMIT ? OFFSET ?) AS `sub`
2025-12-18 19:57:50: prisma:query SELECT COUNT(*) AS `_count$_all` FROM (SELECT `main`.`UsageRecord`.`id` FROM `main`.`UsageRecord` WHERE 1=1 LIMIT ? OFFSET ?) AS `sub`
2025-12-18 19:57:50: prisma:query SELECT `main`.`User`.`id`, `main`.`User`.`email`, `main`.`User`.`username`, `main`.`User`.`name`, `main`.`User`.`createdAt` FROM `main`.`User` WHERE 1=1 ORDER BY `main`.`User`.`createdAt` DESC LIMIT ? OFFSET ?
2025-12-18 19:57:50: prisma:query SELECT COUNT(*) AS `_count$_all` FROM (SELECT `main`.`User`.`id` FROM `main`.`User` WHERE 1=1 LIMIT ? OFFSET ?) AS `sub`
2025-12-18 19:57:50: prisma:query SELECT `main`.`User`.`id`, `main`.`User`.`email`, `main`.`User`.`username`, `main`.`User`.`name`, `main`.`User`.`role`, `main`.`User`.`balance`, `main`.`User`.`tokenBalance`, `main`.`User`.`totalSpent`, `main`.`User`.`isActive`, `main`.`User`.`userType`, `main`.`User`.`age`, `main`.`User`.`gender`, `main`.`User`.`profession`, `main`.`User`.`industry`, `main`.`User`.`education`, `main`.`User`.`province`, `main`.`User`.`city`, `main`.`User`.`phone`, `main`.`User`.`tags`, `main`.`User`.`source`, `main`.`User`.`loginCount`, `main`.`User`.`lastLoginAt`, `main`.`User`.`createdAt`, COALESCE(`aggr_selection_0_Transaction`.`_aggr_count_transactions`, 0) AS `_aggr_count_transactions`, COALESCE(`aggr_selection_1_UsageRecord`.`_aggr_count_usageRecords`, 0) AS `_aggr_count_usageRecords` FROM `main`.`User` LEFT JOIN (SELECT `main`.`Transaction`.`userId`, COUNT(*) AS `_aggr_count_transactions` FROM `main`.`Transaction` WHERE 1=1 GROUP BY `main`.`Transaction`.`userId`) AS `aggr_selection_0_Transaction` ON (`main`.`User`.`id` = `aggr_selection_0_Transaction`.`userId`) LEFT JOIN (SELECT `main`.`UsageRecord`.`userId`, COUNT(*) AS `_aggr_count_usageRecords` FROM `main`.`UsageRecord` WHERE 1=1 GROUP BY `main`.`UsageRecord`.`userId`) AS `aggr_selection_1_UsageRecord` ON (`main`.`User`.`id` = `aggr_selection_1_UsageRecord`.`userId`) WHERE 1=1 ORDER BY `main`.`User`.`createdAt` DESC LIMIT ? OFFSET ?
2025-12-18 19:57:50: prisma:query SELECT COUNT(*) AS `_count$_all` FROM (SELECT `main`.`Transaction`.`id` FROM `main`.`Transaction` WHERE 1=1 LIMIT ? OFFSET ?) AS `sub`
2025-12-18 19:57:52: prisma:query SELECT 1
2025-12-18 19:57:52: prisma:query SELECT `main`.`User`.`id`, `main`.`User`.`email`, `main`.`User`.`username`, `main`.`User`.`password`, `main`.`User`.`name`, `main`.`User`.`avatar`, `main`.`User`.`role`, `main`.`User`.`balance`, `main`.`User`.`tokenBalance`, `main`.`User`.`totalSpent`, `main`.`User`.`isActive`, `main`.`User`.`userType`, `main`.`User`.`age`, `main`.`User`.`gender`, `main`.`User`.`profession`, `main`.`User`.`industry`, `main`.`User`.`education`, `main`.`User`.`country`, `main`.`User`.`province`, `main`.`User`.`city`, `main`.`User`.`address`, `main`.`User`.`phone`, `main`.`User`.`wechat`, `main`.`User`.`qq`, `main`.`User`.`preferredLanguage`, `main`.`User`.`timezone`, `main`.`User`.`tags`, `main`.`User`.`source`, `main`.`User`.`referralCode`, `main`.`User`.`referredBy`, `main`.`User`.`lastLoginAt`, `main`.`User`.`loginCount`, `main`.`User`.`licenseType`, `main`.`User`.`licenseKey`, `main`.`User`.`subscriptionEnd`, `main`.`User`.`createdAt`, `main`.`User`.`updatedAt` FROM `main`.`User` WHERE (`main`.`User`.`id` = ? AND 1=1) LIMIT ? OFFSET ?
2025-12-18 19:57:52: prisma:query SELECT COUNT(*) AS `_count$_all` FROM (SELECT `main`.`User`.`id` FROM `main`.`User` WHERE 1=1 LIMIT ? OFFSET ?) AS `sub`
2025-12-18 19:57:52: prisma:query SELECT `main`.`User`.`id`, `main`.`User`.`email`, `main`.`User`.`username`, `main`.`User`.`name`, `main`.`User`.`role`, `main`.`User`.`balance`, `main`.`User`.`tokenBalance`, `main`.`User`.`totalSpent`, `main`.`User`.`isActive`, `main`.`User`.`userType`, `main`.`User`.`age`, `main`.`User`.`gender`, `main`.`User`.`profession`, `main`.`User`.`industry`, `main`.`User`.`education`, `main`.`User`.`province`, `main`.`User`.`city`, `main`.`User`.`phone`, `main`.`User`.`tags`, `main`.`User`.`source`, `main`.`User`.`loginCount`, `main`.`User`.`lastLoginAt`, `main`.`User`.`createdAt`, COALESCE(`aggr_selection_0_Transaction`.`_aggr_count_transactions`, 0) AS `_aggr_count_transactions`, COALESCE(`aggr_selection_1_UsageRecord`.`_aggr_count_usageRecords`, 0) AS `_aggr_count_usageRecords` FROM `main`.`User` LEFT JOIN (SELECT `main`.`Transaction`.`userId`, COUNT(*) AS `_aggr_count_transactions` FROM `main`.`Transaction` WHERE 1=1 GROUP BY `main`.`Transaction`.`userId`) AS `aggr_selection_0_Transaction` ON (`main`.`User`.`id` = `aggr_selection_0_Transaction`.`userId`) LEFT JOIN (SELECT `main`.`UsageRecord`.`userId`, COUNT(*) AS `_aggr_count_usageRecords` FROM `main`.`UsageRecord` WHERE 1=1 GROUP BY `main`.`UsageRecord`.`userId`) AS `aggr_selection_1_UsageRecord` ON (`main`.`User`.`id` = `aggr_selection_1_UsageRecord`.`userId`) WHERE 1=1 ORDER BY `main`.`User`.`createdAt` DESC LIMIT ? OFFSET ?
2025-12-18 20:04:09: prisma:query SELECT 1
2025-12-18 20:04:09: prisma:query SELECT `main`.`User`.`id`, `main`.`User`.`email`, `main`.`User`.`username`, `main`.`User`.`password`, `main`.`User`.`name`, `main`.`User`.`avatar`, `main`.`User`.`role`, `main`.`User`.`balance`, `main`.`User`.`tokenBalance`, `main`.`User`.`totalSpent`, `main`.`User`.`isActive`, `main`.`User`.`userType`, `main`.`User`.`age`, `main`.`User`.`gender`, `main`.`User`.`profession`, `main`.`User`.`industry`, `main`.`User`.`education`, `main`.`User`.`country`, `main`.`User`.`province`, `main`.`User`.`city`, `main`.`User`.`address`, `main`.`User`.`phone`, `main`.`User`.`wechat`, `main`.`User`.`qq`, `main`.`User`.`preferredLanguage`, `main`.`User`.`timezone`, `main`.`User`.`tags`, `main`.`User`.`source`, `main`.`User`.`referralCode`, `main`.`User`.`referredBy`, `main`.`User`.`lastLoginAt`, `main`.`User`.`loginCount`, `main`.`User`.`licenseType`, `main`.`User`.`licenseKey`, `main`.`User`.`subscriptionEnd`, `main`.`User`.`createdAt`, `main`.`User`.`updatedAt` FROM `main`.`User` WHERE (`main`.`User`.`id` = ? AND 1=1) LIMIT ? OFFSET ?
2025-12-18 20:04:09: prisma:query SELECT `main`.`User`.`id`, `main`.`User`.`email`, `main`.`User`.`username`, `main`.`User`.`password`, `main`.`User`.`name`, `main`.`User`.`avatar`, `main`.`User`.`role`, `main`.`User`.`balance`, `main`.`User`.`tokenBalance`, `main`.`User`.`totalSpent`, `main`.`User`.`isActive`, `main`.`User`.`userType`, `main`.`User`.`age`, `main`.`User`.`gender`, `main`.`User`.`profession`, `main`.`User`.`industry`, `main`.`User`.`education`, `main`.`User`.`country`, `main`.`User`.`province`, `main`.`User`.`city`, `main`.`User`.`address`, `main`.`User`.`phone`, `main`.`User`.`wechat`, `main`.`User`.`qq`, `main`.`User`.`preferredLanguage`, `main`.`User`.`timezone`, `main`.`User`.`tags`, `main`.`User`.`source`, `main`.`User`.`referralCode`, `main`.`User`.`referredBy`, `main`.`User`.`lastLoginAt`, `main`.`User`.`loginCount`, `main`.`User`.`licenseType`, `main`.`User`.`licenseKey`, `main`.`User`.`subscriptionEnd`, `main`.`User`.`createdAt`, `main`.`User`.`updatedAt` FROM `main`.`User` WHERE (`main`.`User`.`id` = ? AND 1=1) LIMIT ? OFFSET ?
2025-12-18 20:04:09: prisma:query SELECT 1
2025-12-18 20:04:09: prisma:query SELECT 1
2025-12-18 20:04:09: prisma:query SELECT 1
2025-12-18 20:04:09: prisma:query SELECT 1
2025-12-18 20:04:09: prisma:query SELECT 1
2025-12-18 20:04:09: prisma:query SELECT COUNT(*) AS `_count$_all` FROM (SELECT `main`.`Transaction`.`id` FROM `main`.`Transaction` WHERE 1=1 LIMIT ? OFFSET ?) AS `sub`
2025-12-18 20:04:09: prisma:query SELECT COUNT(*) AS `_count$_all` FROM (SELECT `main`.`User`.`id` FROM `main`.`User` WHERE 1=1 LIMIT ? OFFSET ?) AS `sub`
2025-12-18 20:04:09: prisma:query SELECT SUM(`amount`) AS `_sum$amount` FROM (SELECT `main`.`Transaction`.`amount` FROM `main`.`Transaction` WHERE `main`.`Transaction`.`type` = ? LIMIT ? OFFSET ?) AS `sub`
2025-12-18 20:04:09: prisma:query SELECT COUNT(*) AS `_count$_all` FROM (SELECT `main`.`UsageRecord`.`id` FROM `main`.`UsageRecord` WHERE 1=1 LIMIT ? OFFSET ?) AS `sub`
2025-12-18 20:04:09: prisma:query SELECT `main`.`User`.`id`, `main`.`User`.`email`, `main`.`User`.`username`, `main`.`User`.`name`, `main`.`User`.`createdAt` FROM `main`.`User` WHERE 1=1 ORDER BY `main`.`User`.`createdAt` DESC LIMIT ? OFFSET ?
2025-12-18 20:04:09: prisma:query SELECT COUNT(*) AS `_count$_all` FROM (SELECT `main`.`User`.`id` FROM `main`.`User` WHERE EXISTS(SELECT `t0`.`userId` FROM `main`.`UsageRecord` AS `t0` WHERE (`t0`.`createdAt` >= ? AND (`main`.`User`.`id`) = (`t0`.`userId`) AND `t0`.`userId` IS NOT NULL)) LIMIT ? OFFSET ?) AS `sub`
2025-12-18 20:04:09: prisma:query SELECT COUNT(*) AS `_count$_all` FROM (SELECT `main`.`User`.`id` FROM `main`.`User` WHERE 1=1 LIMIT ? OFFSET ?) AS `sub`
2025-12-18 20:04:09: prisma:query SELECT `main`.`User`.`id`, `main`.`User`.`email`, `main`.`User`.`username`, `main`.`User`.`name`, `main`.`User`.`role`, `main`.`User`.`balance`, `main`.`User`.`tokenBalance`, `main`.`User`.`totalSpent`, `main`.`User`.`isActive`, `main`.`User`.`userType`, `main`.`User`.`age`, `main`.`User`.`gender`, `main`.`User`.`profession`, `main`.`User`.`industry`, `main`.`User`.`education`, `main`.`User`.`province`, `main`.`User`.`city`, `main`.`User`.`phone`, `main`.`User`.`tags`, `main`.`User`.`source`, `main`.`User`.`loginCount`, `main`.`User`.`lastLoginAt`, `main`.`User`.`createdAt`, COALESCE(`aggr_selection_0_Transaction`.`_aggr_count_transactions`, 0) AS `_aggr_count_transactions`, COALESCE(`aggr_selection_1_UsageRecord`.`_aggr_count_usageRecords`, 0) AS `_aggr_count_usageRecords` FROM `main`.`User` LEFT JOIN (SELECT `main`.`Transaction`.`userId`, COUNT(*) AS `_aggr_count_transactions` FROM `main`.`Transaction` WHERE 1=1 GROUP BY `main`.`Transaction`.`userId`) AS `aggr_selection_0_Transaction` ON (`main`.`User`.`id` = `aggr_selection_0_Transaction`.`userId`) LEFT JOIN (SELECT `main`.`UsageRecord`.`userId`, COUNT(*) AS `_aggr_count_usageRecords` FROM `main`.`UsageRecord` WHERE 1=1 GROUP BY `main`.`UsageRecord`.`userId`) AS `aggr_selection_1_UsageRecord` ON (`main`.`User`.`id` = `aggr_selection_1_UsageRecord`.`userId`) WHERE 1=1 ORDER BY `main`.`User`.`createdAt` DESC LIMIT ? OFFSET ?
2025-12-18 20:04:17: 微信登录：使用生产模式，AppID: wx1234567890abcdef
2025-12-18 20:04:58:    ▲ Next.js 16.0.3
2025-12-18 20:04:58:    - Local:         http://localhost:3000
2025-12-18 20:04:58:    - Network:       http://10.84.200.48:3000
2025-12-18 20:04:58: 
2025-12-18 20:04:58:  ✓ Starting...
2025-12-18 20:04:59:  ✓ Ready in 1545ms
2025-12-18 20:05:18:    ▲ Next.js 16.0.3
2025-12-18 20:05:18:    - Local:         http://localhost:3000
2025-12-18 20:05:18:    - Network:       http://10.84.200.48:3000
2025-12-18 20:05:18: 
2025-12-18 20:05:18:  ✓ Starting...
2025-12-18 20:05:18:  ✓ Ready in 1331ms
2025-12-18 20:06:12: 微信登录：使用生产模式，AppID: wx1234567890abcdef
2025-12-18 20:06:24: 微信登录：使用生产模式，AppID: wx1234567890abcdef
2025-12-18 20:07:24:    ▲ Next.js 16.0.3
2025-12-18 20:07:24:    - Local:         http://localhost:3000
2025-12-18 20:07:24:    - Network:       http://10.84.200.48:3000
2025-12-18 20:07:24: 
2025-12-18 20:07:24:  ✓ Starting...
2025-12-18 20:07:25:  ✓ Ready in 1472ms
2025-12-18 20:07:35: 微信登录：使用生产模式，AppID: wx1234567890abcdef
2025-12-18 20:11:06:    ▲ Next.js 16.0.3
2025-12-18 20:11:06:    - Local:         http://localhost:3000
2025-12-18 20:11:06:    - Network:       http://10.84.200.48:3000
2025-12-18 20:11:06: 
2025-12-18 20:11:06:  ✓ Starting...
2025-12-18 20:11:07:  ✓ Ready in 1472ms
2025-12-18 20:11:51: 微信登录：使用生产模式，AppID: wx1234567890abcdef
2025-12-18 20:12:29:    ▲ Next.js 16.0.3
2025-12-18 20:12:29:    - Local:         http://localhost:3000
2025-12-18 20:12:29:    - Network:       http://10.84.200.48:3000
2025-12-18 20:12:29: 
2025-12-18 20:12:29:  ✓ Starting...
2025-12-18 20:12:30:  ✓ Ready in 1522ms
2025-12-18 20:22:07:    ▲ Next.js 16.0.3
2025-12-18 20:22:07:    - Local:         http://localhost:3000
2025-12-18 20:22:07:    - Network:       http://10.84.200.48:3000
2025-12-18 20:22:07: 
2025-12-18 20:22:07:  ✓ Starting...
2025-12-18 20:22:09:    ▲ Next.js 16.0.3
2025-12-18 20:22:09:    - Local:         http://localhost:3000
2025-12-18 20:22:09:    - Network:       http://10.84.200.48:3000
2025-12-18 20:22:09: 
2025-12-18 20:22:09:  ✓ Starting...
2025-12-18 20:22:11:    ▲ Next.js 16.0.3
2025-12-18 20:22:11:    - Local:         http://localhost:3000
2025-12-18 20:22:11:    - Network:       http://10.84.200.48:3000
2025-12-18 20:22:11: 
2025-12-18 20:22:11:  ✓ Starting...
2025-12-18 20:22:12:    ▲ Next.js 16.0.3
2025-12-18 20:22:12:    - Local:         http://localhost:3000
2025-12-18 20:22:12:    - Network:       http://10.84.200.48:3000
2025-12-18 20:22:12: 
2025-12-18 20:22:12:  ✓ Starting...
2025-12-18 20:22:14:    ▲ Next.js 16.0.3
2025-12-18 20:22:14:    - Local:         http://localhost:3000
2025-12-18 20:22:14:    - Network:       http://10.84.200.48:3000
2025-12-18 20:22:14: 
2025-12-18 20:22:14:  ✓ Starting...
2025-12-18 20:22:16:    ▲ Next.js 16.0.3
2025-12-18 20:22:16:    - Local:         http://localhost:3000
2025-12-18 20:22:16:    - Network:       http://10.84.200.48:3000
2025-12-18 20:22:16: 
2025-12-18 20:22:16:  ✓ Starting...
2025-12-18 20:22:18:    ▲ Next.js 16.0.3
2025-12-18 20:22:18:    - Local:         http://localhost:3000
2025-12-18 20:22:18:    - Network:       http://10.84.200.48:3000
2025-12-18 20:22:18: 
2025-12-18 20:22:18:  ✓ Starting...
2025-12-18 20:22:20:    ▲ Next.js 16.0.3
2025-12-18 20:22:20:    - Local:         http://localhost:3000
2025-12-18 20:22:20:    - Network:       http://10.84.200.48:3000
2025-12-18 20:22:20: 
2025-12-18 20:22:20:  ✓ Starting...
2025-12-18 20:22:21:    ▲ Next.js 16.0.3
2025-12-18 20:22:21:    - Local:         http://localhost:3000
2025-12-18 20:22:21:    - Network:       http://10.84.200.48:3000
2025-12-18 20:22:21: 
2025-12-18 20:22:21:  ✓ Starting...
2025-12-18 20:22:23:    ▲ Next.js 16.0.3
2025-12-18 20:22:23:    - Local:         http://localhost:3000
2025-12-18 20:22:23:    - Network:       http://10.84.200.48:3000
2025-12-18 20:22:23: 
2025-12-18 20:22:23:  ✓ Starting...
2025-12-18 20:22:24:    ▲ Next.js 16.0.3
2025-12-18 20:22:24:    - Local:         http://localhost:3000
2025-12-18 20:22:24:    - Network:       http://10.84.200.48:3000
2025-12-18 20:22:24: 
2025-12-18 20:22:24:  ✓ Starting...
2025-12-18 20:22:26:    ▲ Next.js 16.0.3
2025-12-18 20:22:26:    - Local:         http://localhost:3000
2025-12-18 20:22:26:    - Network:       http://10.84.200.48:3000
2025-12-18 20:22:26: 
2025-12-18 20:22:26:  ✓ Starting...
2025-12-18 20:22:28:    ▲ Next.js 16.0.3
2025-12-18 20:22:28:    - Local:         http://localhost:3000
2025-12-18 20:22:28:    - Network:       http://10.84.200.48:3000
2025-12-18 20:22:28: 
2025-12-18 20:22:28:  ✓ Starting...
2025-12-18 20:22:30:    ▲ Next.js 16.0.3
2025-12-18 20:22:30:    - Local:         http://localhost:3000
2025-12-18 20:22:30:    - Network:       http://10.84.200.48:3000
2025-12-18 20:22:30: 
2025-12-18 20:22:30:  ✓ Starting...
2025-12-18 20:22:32:    ▲ Next.js 16.0.3
2025-12-18 20:22:32:    - Local:         http://localhost:3000
2025-12-18 20:22:32:    - Network:       http://10.84.200.48:3000
2025-12-18 20:22:32: 
2025-12-18 20:22:32:  ✓ Starting...
2025-12-18 20:22:35:    ▲ Next.js 16.0.3
2025-12-18 20:22:35:    - Local:         http://localhost:3000
2025-12-18 20:22:35:    - Network:       http://10.84.200.48:3000
2025-12-18 20:22:35: 
2025-12-18 20:22:35:  ✓ Starting...
2025-12-18 20:22:38:    ▲ Next.js 16.0.3
2025-12-18 20:22:38:    - Local:         http://localhost:3000
2025-12-18 20:22:38:    - Network:       http://10.84.200.48:3000
2025-12-18 20:22:38: 
2025-12-18 20:22:38:  ✓ Starting...
2025-12-18 20:22:40:    ▲ Next.js 16.0.3
2025-12-18 20:22:40:    - Local:         http://localhost:3000
2025-12-18 20:22:40:    - Network:       http://10.84.200.48:3000
2025-12-18 20:22:40: 
2025-12-18 20:22:40:  ✓ Starting...
2025-12-18 20:22:43:    ▲ Next.js 16.0.3
2025-12-18 20:22:43:    - Local:         http://localhost:3000
2025-12-18 20:22:43:    - Network:       http://10.84.200.48:3000
2025-12-18 20:22:43: 
2025-12-18 20:22:43:  ✓ Starting...
2025-12-18 20:22:45:    ▲ Next.js 16.0.3
2025-12-18 20:22:45:    - Local:         http://localhost:3000
2025-12-18 20:22:45:    - Network:       http://10.84.200.48:3000
2025-12-18 20:22:45: 
2025-12-18 20:22:45:  ✓ Starting...
2025-12-18 20:22:48:    ▲ Next.js 16.0.3
2025-12-18 20:22:48:    - Local:         http://localhost:3000
2025-12-18 20:22:48:    - Network:       http://10.84.200.48:3000
2025-12-18 20:22:48: 
2025-12-18 20:22:48:  ✓ Starting...
2025-12-18 20:22:50:    ▲ Next.js 16.0.3
2025-12-18 20:22:50:    - Local:         http://localhost:3000
2025-12-18 20:22:50:    - Network:       http://10.84.200.48:3000
2025-12-18 20:22:50: 
2025-12-18 20:22:50:  ✓ Starting...
2025-12-18 20:22:52:    ▲ Next.js 16.0.3
2025-12-18 20:22:52:    - Local:         http://localhost:3000
2025-12-18 20:22:52:    - Network:       http://10.84.200.48:3000
2025-12-18 20:22:52: 
2025-12-18 20:22:52:  ✓ Starting...
2025-12-18 20:22:54:    ▲ Next.js 16.0.3
2025-12-18 20:22:54:    - Local:         http://localhost:3000
2025-12-18 20:22:54:    - Network:       http://10.84.200.48:3000
2025-12-18 20:22:54: 
2025-12-18 20:22:54:  ✓ Starting...
2025-12-18 20:22:56:    ▲ Next.js 16.0.3
2025-12-18 20:22:56:    - Local:         http://localhost:3000
2025-12-18 20:22:56:    - Network:       http://10.84.200.48:3000
2025-12-18 20:22:56: 
2025-12-18 20:22:56:  ✓ Starting...
2025-12-18 20:23:00:    ▲ Next.js 16.0.3
2025-12-18 20:23:00:    - Local:         http://localhost:3000
2025-12-18 20:23:00:    - Network:       http://10.84.200.48:3000
2025-12-18 20:23:00: 
2025-12-18 20:23:00:  ✓ Starting...
2025-12-18 20:23:03:    ▲ Next.js 16.0.3
2025-12-18 20:23:03:    - Local:         http://localhost:3000
2025-12-18 20:23:03:    - Network:       http://10.84.200.48:3000
2025-12-18 20:23:03: 
2025-12-18 20:23:03:  ✓ Starting...
2025-12-18 20:23:04:  ✓ Ready in 1902ms
2025-12-18 20:23:08:    ▲ Next.js 16.0.3
2025-12-18 20:23:08:    - Local:         http://localhost:3000
2025-12-18 20:23:08:    - Network:       http://10.84.200.48:3000
2025-12-18 20:23:08: 
2025-12-18 20:23:08:  ✓ Starting...
2025-12-18 20:23:08:  ✓ Ready in 1340ms
2025-12-18 20:36:36:    ▲ Next.js 16.0.3
2025-12-18 20:36:36:    - Local:         http://localhost:3000
2025-12-18 20:36:36:    - Network:       http://10.176.3.36:3000
2025-12-18 20:36:36: 
2025-12-18 20:36:36:  ✓ Starting...
2025-12-18 20:36:37:  ✓ Ready in 1377ms
2025-12-18 20:52:57: Debug WeChat AppID: wx1234567890abcdef Type: string
2025-12-18 20:52:57: 微信登录：使用生产模式，AppID: wx1234567890abcdef
2025-12-18 20:56:01:    ▲ Next.js 16.0.3
2025-12-18 20:56:01:    - Local:         http://localhost:3000
2025-12-18 20:56:01:    - Network:       http://10.176.3.36:3000
2025-12-18 20:56:01: 
2025-12-18 20:56:01:  ✓ Starting...
2025-12-18 20:56:02:  ✓ Ready in 1375ms
2025-12-18 20:57:11: prisma:query SELECT `main`.`User`.`id`, `main`.`User`.`email`, `main`.`User`.`username`, `main`.`User`.`password`, `main`.`User`.`name`, `main`.`User`.`avatar`, `main`.`User`.`role`, `main`.`User`.`balance`, `main`.`User`.`tokenBalance`, `main`.`User`.`totalSpent`, `main`.`User`.`isActive`, `main`.`User`.`userType`, `main`.`User`.`age`, `main`.`User`.`gender`, `main`.`User`.`profession`, `main`.`User`.`industry`, `main`.`User`.`education`, `main`.`User`.`country`, `main`.`User`.`province`, `main`.`User`.`city`, `main`.`User`.`address`, `main`.`User`.`phone`, `main`.`User`.`wechat`, `main`.`User`.`qq`, `main`.`User`.`preferredLanguage`, `main`.`User`.`timezone`, `main`.`User`.`tags`, `main`.`User`.`source`, `main`.`User`.`referralCode`, `main`.`User`.`referredBy`, `main`.`User`.`lastLoginAt`, `main`.`User`.`loginCount`, `main`.`User`.`licenseType`, `main`.`User`.`licenseKey`, `main`.`User`.`subscriptionEnd`, `main`.`User`.`createdAt`, `main`.`User`.`updatedAt` FROM `main`.`User` WHERE (`main`.`User`.`email` = ? OR `main`.`User`.`username` = ?) LIMIT ? OFFSET ?
2025-12-18 20:57:21: prisma:query SELECT `main`.`User`.`id`, `main`.`User`.`email`, `main`.`User`.`username`, `main`.`User`.`password`, `main`.`User`.`name`, `main`.`User`.`avatar`, `main`.`User`.`role`, `main`.`User`.`balance`, `main`.`User`.`tokenBalance`, `main`.`User`.`totalSpent`, `main`.`User`.`isActive`, `main`.`User`.`userType`, `main`.`User`.`age`, `main`.`User`.`gender`, `main`.`User`.`profession`, `main`.`User`.`industry`, `main`.`User`.`education`, `main`.`User`.`country`, `main`.`User`.`province`, `main`.`User`.`city`, `main`.`User`.`address`, `main`.`User`.`phone`, `main`.`User`.`wechat`, `main`.`User`.`qq`, `main`.`User`.`preferredLanguage`, `main`.`User`.`timezone`, `main`.`User`.`tags`, `main`.`User`.`source`, `main`.`User`.`referralCode`, `main`.`User`.`referredBy`, `main`.`User`.`lastLoginAt`, `main`.`User`.`loginCount`, `main`.`User`.`licenseType`, `main`.`User`.`licenseKey`, `main`.`User`.`subscriptionEnd`, `main`.`User`.`createdAt`, `main`.`User`.`updatedAt` FROM `main`.`User` WHERE (`main`.`User`.`email` = ? OR `main`.`User`.`username` = ?) LIMIT ? OFFSET ?
2025-12-18 21:00:00:    ▲ Next.js 16.0.3
2025-12-18 21:00:00:    - Local:         http://localhost:3000
2025-12-18 21:00:00:    - Network:       http://10.176.3.36:3000
2025-12-18 21:00:00: 
2025-12-18 21:00:00:  ✓ Starting...
2025-12-18 21:00:01:  ✓ Ready in 1554ms
2025-12-18 21:05:31:    ▲ Next.js 16.0.3
2025-12-18 21:05:31:    - Local:         http://localhost:3000
2025-12-18 21:05:31:    - Network:       http://10.176.3.36:3000
2025-12-18 21:05:31: 
2025-12-18 21:05:31:  ✓ Starting...
2025-12-18 21:05:32:  ✓ Ready in 1384ms
2025-12-18 21:23:34: prisma:query SELECT `main`.`User`.`id`, `main`.`User`.`email`, `main`.`User`.`username`, `main`.`User`.`password`, `main`.`User`.`name`, `main`.`User`.`avatar`, `main`.`User`.`role`, `main`.`User`.`balance`, `main`.`User`.`tokenBalance`, `main`.`User`.`totalSpent`, `main`.`User`.`isActive`, `main`.`User`.`userType`, `main`.`User`.`age`, `main`.`User`.`gender`, `main`.`User`.`profession`, `main`.`User`.`industry`, `main`.`User`.`education`, `main`.`User`.`country`, `main`.`User`.`province`, `main`.`User`.`city`, `main`.`User`.`address`, `main`.`User`.`phone`, `main`.`User`.`wechat`, `main`.`User`.`qq`, `main`.`User`.`preferredLanguage`, `main`.`User`.`timezone`, `main`.`User`.`tags`, `main`.`User`.`source`, `main`.`User`.`referralCode`, `main`.`User`.`referredBy`, `main`.`User`.`lastLoginAt`, `main`.`User`.`loginCount`, `main`.`User`.`licenseType`, `main`.`User`.`licenseKey`, `main`.`User`.`subscriptionEnd`, `main`.`User`.`createdAt`, `main`.`User`.`updatedAt` FROM `main`.`User` WHERE (`main`.`User`.`email` = ? OR `main`.`User`.`username` = ?) LIMIT ? OFFSET ?
2025-12-18 21:23:34: prisma:query SELECT `main`.`User`.`id`, `main`.`User`.`email`, `main`.`User`.`username`, `main`.`User`.`name`, `main`.`User`.`avatar`, `main`.`User`.`tokenBalance`, `main`.`User`.`balance`, `main`.`User`.`totalSpent`, `main`.`User`.`referralCode`, `main`.`User`.`referredBy`, `main`.`User`.`createdAt` FROM `main`.`User` WHERE (`main`.`User`.`id` = ? AND 1=1) LIMIT ? OFFSET ?
2025-12-18 21:23:34: prisma:query SELECT COUNT(*) AS `_count$_all` FROM (SELECT `main`.`Transaction`.`id` FROM `main`.`Transaction` WHERE `main`.`Transaction`.`userId` = ? LIMIT ? OFFSET ?) AS `sub`
2025-12-18 21:23:34: prisma:query SELECT `main`.`Transaction`.`id`, `main`.`Transaction`.`userId`, `main`.`Transaction`.`type`, `main`.`Transaction`.`amount`, `main`.`Transaction`.`tokens`, `main`.`Transaction`.`balance`, `main`.`Transaction`.`tokenBalance`, `main`.`Transaction`.`description`, `main`.`Transaction`.`paymentMethod`, `main`.`Transaction`.`status`, `main`.`Transaction`.`createdAt` FROM `main`.`Transaction` WHERE `main`.`Transaction`.`userId` = ? ORDER BY `main`.`Transaction`.`createdAt` DESC LIMIT ? OFFSET ?
2025-12-18 21:23:34: prisma:query SELECT `main`.`User`.`id`, `main`.`User`.`email`, `main`.`User`.`username`, `main`.`User`.`password`, `main`.`User`.`name`, `main`.`User`.`avatar`, `main`.`User`.`role`, `main`.`User`.`balance`, `main`.`User`.`tokenBalance`, `main`.`User`.`totalSpent`, `main`.`User`.`isActive`, `main`.`User`.`userType`, `main`.`User`.`age`, `main`.`User`.`gender`, `main`.`User`.`profession`, `main`.`User`.`industry`, `main`.`User`.`education`, `main`.`User`.`country`, `main`.`User`.`province`, `main`.`User`.`city`, `main`.`User`.`address`, `main`.`User`.`phone`, `main`.`User`.`wechat`, `main`.`User`.`qq`, `main`.`User`.`preferredLanguage`, `main`.`User`.`timezone`, `main`.`User`.`tags`, `main`.`User`.`source`, `main`.`User`.`referralCode`, `main`.`User`.`referredBy`, `main`.`User`.`lastLoginAt`, `main`.`User`.`loginCount`, `main`.`User`.`licenseType`, `main`.`User`.`licenseKey`, `main`.`User`.`subscriptionEnd`, `main`.`User`.`createdAt`, `main`.`User`.`updatedAt` FROM `main`.`User` WHERE (`main`.`User`.`id` = ? AND 1=1) LIMIT ? OFFSET ?
2025-12-18 21:23:34: prisma:query SELECT `main`.`User`.`id`, `main`.`User`.`username`, `main`.`User`.`email`, `main`.`User`.`tokenBalance`, `main`.`User`.`balance` FROM `main`.`User` WHERE (`main`.`User`.`id` = ? AND 1=1) LIMIT ? OFFSET ?
2025-12-18 21:23:34: prisma:query SELECT `main`.`User`.`id`, `main`.`User`.`username`, `main`.`User`.`email`, `main`.`User`.`createdAt` FROM `main`.`User` WHERE `main`.`User`.`referredBy` = ? ORDER BY `main`.`User`.`createdAt` DESC LIMIT ? OFFSET ?
2025-12-18 21:23:34: prisma:query SELECT `main`.`ReferralCode`.`id`, `main`.`ReferralCode`.`code`, `main`.`ReferralCode`.`uses`, `main`.`ReferralCode`.`maxUses`, `main`.`ReferralCode`.`createdAt`, `main`.`ReferralCode`.`source`, `main`.`ReferralCode`.`note` FROM `main`.`ReferralCode` WHERE `main`.`ReferralCode`.`creatorId` = ? ORDER BY `main`.`ReferralCode`.`createdAt` DESC LIMIT ? OFFSET ?
2025-12-18 21:24:14: prisma:query SELECT 1
2025-12-18 21:24:14: prisma:query SELECT `main`.`User`.`id`, `main`.`User`.`name`, `main`.`User`.`phone`, `main`.`User`.`preferredLanguage`, `main`.`User`.`timezone`, `main`.`User`.`province`, `main`.`User`.`city` FROM `main`.`User` WHERE (`main`.`User`.`id` = ? AND 1=1) LIMIT ? OFFSET ?
2025-12-18 21:24:14: prisma:query UPDATE `main`.`User` SET `name` = ?, `phone` = ?, `province` = ?, `city` = ?, `age` = ?, `gender` = ?, `profession` = ?, `industry` = ?, `education` = ?, `updatedAt` = ? WHERE (`main`.`User`.`id` = ? AND 1=1) RETURNING `id` AS `id`, `email` AS `email`, `username` AS `username`, `name` AS `name`, `avatar` AS `avatar`, `phone` AS `phone`, `role` AS `role`, `licenseType` AS `licenseType`, `subscriptionEnd` AS `subscriptionEnd`, `preferredLanguage` AS `preferredLanguage`, `timezone` AS `timezone`, `age` AS `age`, `gender` AS `gender`, `profession` AS `profession`, `industry` AS `industry`, `education` AS `education`, `province` AS `province`, `city` AS `city`
2025-12-18 21:24:14: prisma:query SELECT COUNT(*) AS `_count$_all` FROM (SELECT `main`.`Transaction`.`id` FROM `main`.`Transaction` WHERE (`main`.`Transaction`.`userId` = ? AND `main`.`Transaction`.`type` = ?) LIMIT ? OFFSET ?) AS `sub`
2025-12-18 21:24:14: prisma:query SELECT `main`.`User`.`id`, `main`.`User`.`tokenBalance` FROM `main`.`User` WHERE (`main`.`User`.`id` = ? AND 1=1) LIMIT ? OFFSET ?
2025-12-18 21:24:14: prisma:query BEGIN IMMEDIATE
2025-12-18 21:24:14: prisma:query UPDATE `main`.`User` SET `tokenBalance` = ?, `updatedAt` = ? WHERE (`main`.`User`.`id` = ? AND 1=1) RETURNING `id` AS `id`, `email` AS `email`, `username` AS `username`, `password` AS `password`, `name` AS `name`, `avatar` AS `avatar`, `role` AS `role`, `balance` AS `balance`, `tokenBalance` AS `tokenBalance`, `totalSpent` AS `totalSpent`, `isActive` AS `isActive`, `userType` AS `userType`, `age` AS `age`, `gender` AS `gender`, `profession` AS `profession`, `industry` AS `industry`, `education` AS `education`, `country` AS `country`, `province` AS `province`, `city` AS `city`, `address` AS `address`, `phone` AS `phone`, `wechat` AS `wechat`, `qq` AS `qq`, `preferredLanguage` AS `preferredLanguage`, `timezone` AS `timezone`, `tags` AS `tags`, `source` AS `source`, `referralCode` AS `referralCode`, `referredBy` AS `referredBy`, `lastLoginAt` AS `lastLoginAt`, `loginCount` AS `loginCount`, `licenseType` AS `licenseType`, `licenseKey` AS `licenseKey`, `subscriptionEnd` AS `subscriptionEnd`, `createdAt` AS `createdAt`, `updatedAt` AS `updatedAt`
2025-12-18 21:24:14: prisma:query INSERT INTO `main`.`Transaction` (`id`, `userId`, `type`, `amount`, `tokens`, `balance`, `tokenBalance`, `description`, `status`, `createdAt`) VALUES (?,?,?,?,?,?,?,?,?,?) RETURNING `id` AS `id`, `userId` AS `userId`, `type` AS `type`, `amount` AS `amount`, `tokens` AS `tokens`, `balance` AS `balance`, `tokenBalance` AS `tokenBalance`, `description` AS `description`, `paymentMethod` AS `paymentMethod`, `status` AS `status`, `createdAt` AS `createdAt`
2025-12-18 21:24:14: prisma:query COMMIT
2025-12-18 21:24:14: prisma:query SELECT `main`.`User`.`id`, `main`.`User`.`email`, `main`.`User`.`username`, `main`.`User`.`name`, `main`.`User`.`avatar`, `main`.`User`.`tokenBalance`, `main`.`User`.`balance`, `main`.`User`.`totalSpent`, `main`.`User`.`referralCode`, `main`.`User`.`referredBy`, `main`.`User`.`createdAt` FROM `main`.`User` WHERE (`main`.`User`.`id` = ? AND 1=1) LIMIT ? OFFSET ?
2025-12-18 21:24:17: prisma:query SELECT `main`.`User`.`id`, `main`.`User`.`email`, `main`.`User`.`username`, `main`.`User`.`password`, `main`.`User`.`name`, `main`.`User`.`avatar`, `main`.`User`.`role`, `main`.`User`.`balance`, `main`.`User`.`tokenBalance`, `main`.`User`.`totalSpent`, `main`.`User`.`isActive`, `main`.`User`.`userType`, `main`.`User`.`age`, `main`.`User`.`gender`, `main`.`User`.`profession`, `main`.`User`.`industry`, `main`.`User`.`education`, `main`.`User`.`country`, `main`.`User`.`province`, `main`.`User`.`city`, `main`.`User`.`address`, `main`.`User`.`phone`, `main`.`User`.`wechat`, `main`.`User`.`qq`, `main`.`User`.`preferredLanguage`, `main`.`User`.`timezone`, `main`.`User`.`tags`, `main`.`User`.`source`, `main`.`User`.`referralCode`, `main`.`User`.`referredBy`, `main`.`User`.`lastLoginAt`, `main`.`User`.`loginCount`, `main`.`User`.`licenseType`, `main`.`User`.`licenseKey`, `main`.`User`.`subscriptionEnd`, `main`.`User`.`createdAt`, `main`.`User`.`updatedAt` FROM `main`.`User` WHERE (`main`.`User`.`id` = ? AND 1=1) LIMIT ? OFFSET ?
2025-12-18 21:24:17: prisma:query SELECT `main`.`User`.`id`, `main`.`User`.`username`, `main`.`User`.`email`, `main`.`User`.`tokenBalance`, `main`.`User`.`balance` FROM `main`.`User` WHERE (`main`.`User`.`id` = ? AND 1=1) LIMIT ? OFFSET ?
2025-12-18 21:24:17: prisma:query SELECT 1
2025-12-18 21:24:17: prisma:query SELECT `main`.`User`.`id`, `main`.`User`.`username`, `main`.`User`.`email`, `main`.`User`.`createdAt` FROM `main`.`User` WHERE `main`.`User`.`referredBy` = ? ORDER BY `main`.`User`.`createdAt` DESC LIMIT ? OFFSET ?
2025-12-18 21:24:17: prisma:query SELECT `main`.`ReferralCode`.`id`, `main`.`ReferralCode`.`code`, `main`.`ReferralCode`.`uses`, `main`.`ReferralCode`.`maxUses`, `main`.`ReferralCode`.`createdAt`, `main`.`ReferralCode`.`source`, `main`.`ReferralCode`.`note` FROM `main`.`ReferralCode` WHERE `main`.`ReferralCode`.`creatorId` = ? ORDER BY `main`.`ReferralCode`.`createdAt` DESC LIMIT ? OFFSET ?
2025-12-18 21:25:20: prisma:query SELECT 1
2025-12-18 21:25:20: prisma:query SELECT `main`.`User`.`id`, `main`.`User`.`email`, `main`.`User`.`username`, `main`.`User`.`password`, `main`.`User`.`name`, `main`.`User`.`avatar`, `main`.`User`.`role`, `main`.`User`.`balance`, `main`.`User`.`tokenBalance`, `main`.`User`.`totalSpent`, `main`.`User`.`isActive`, `main`.`User`.`userType`, `main`.`User`.`age`, `main`.`User`.`gender`, `main`.`User`.`profession`, `main`.`User`.`industry`, `main`.`User`.`education`, `main`.`User`.`country`, `main`.`User`.`province`, `main`.`User`.`city`, `main`.`User`.`address`, `main`.`User`.`phone`, `main`.`User`.`wechat`, `main`.`User`.`qq`, `main`.`User`.`preferredLanguage`, `main`.`User`.`timezone`, `main`.`User`.`tags`, `main`.`User`.`source`, `main`.`User`.`referralCode`, `main`.`User`.`referredBy`, `main`.`User`.`lastLoginAt`, `main`.`User`.`loginCount`, `main`.`User`.`licenseType`, `main`.`User`.`licenseKey`, `main`.`User`.`subscriptionEnd`, `main`.`User`.`createdAt`, `main`.`User`.`updatedAt` FROM `main`.`User` WHERE (`main`.`User`.`email` = ? OR `main`.`User`.`username` = ?) LIMIT ? OFFSET ?
2025-12-18 21:25:37: prisma:query SELECT 1
2025-12-18 21:25:37: prisma:query SELECT `main`.`User`.`id`, `main`.`User`.`email`, `main`.`User`.`username`, `main`.`User`.`password`, `main`.`User`.`name`, `main`.`User`.`avatar`, `main`.`User`.`role`, `main`.`User`.`balance`, `main`.`User`.`tokenBalance`, `main`.`User`.`totalSpent`, `main`.`User`.`isActive`, `main`.`User`.`userType`, `main`.`User`.`age`, `main`.`User`.`gender`, `main`.`User`.`profession`, `main`.`User`.`industry`, `main`.`User`.`education`, `main`.`User`.`country`, `main`.`User`.`province`, `main`.`User`.`city`, `main`.`User`.`address`, `main`.`User`.`phone`, `main`.`User`.`wechat`, `main`.`User`.`qq`, `main`.`User`.`preferredLanguage`, `main`.`User`.`timezone`, `main`.`User`.`tags`, `main`.`User`.`source`, `main`.`User`.`referralCode`, `main`.`User`.`referredBy`, `main`.`User`.`lastLoginAt`, `main`.`User`.`loginCount`, `main`.`User`.`licenseType`, `main`.`User`.`licenseKey`, `main`.`User`.`subscriptionEnd`, `main`.`User`.`createdAt`, `main`.`User`.`updatedAt` FROM `main`.`User` WHERE (`main`.`User`.`email` = ? OR `main`.`User`.`username` = ?) LIMIT ? OFFSET ?
2025-12-18 21:31:57: prisma:query SELECT 1
2025-12-18 21:31:57: prisma:query SELECT `main`.`User`.`id`, `main`.`User`.`email`, `main`.`User`.`username`, `main`.`User`.`password`, `main`.`User`.`name`, `main`.`User`.`avatar`, `main`.`User`.`role`, `main`.`User`.`balance`, `main`.`User`.`tokenBalance`, `main`.`User`.`totalSpent`, `main`.`User`.`isActive`, `main`.`User`.`userType`, `main`.`User`.`age`, `main`.`User`.`gender`, `main`.`User`.`profession`, `main`.`User`.`industry`, `main`.`User`.`education`, `main`.`User`.`country`, `main`.`User`.`province`, `main`.`User`.`city`, `main`.`User`.`address`, `main`.`User`.`phone`, `main`.`User`.`wechat`, `main`.`User`.`qq`, `main`.`User`.`preferredLanguage`, `main`.`User`.`timezone`, `main`.`User`.`tags`, `main`.`User`.`source`, `main`.`User`.`referralCode`, `main`.`User`.`referredBy`, `main`.`User`.`lastLoginAt`, `main`.`User`.`loginCount`, `main`.`User`.`licenseType`, `main`.`User`.`licenseKey`, `main`.`User`.`subscriptionEnd`, `main`.`User`.`createdAt`, `main`.`User`.`updatedAt` FROM `main`.`User` WHERE (`main`.`User`.`email` = ? OR `main`.`User`.`username` = ?) LIMIT ? OFFSET ?
2025-12-18 21:31:57: prisma:query SELECT `main`.`User`.`id`, `main`.`User`.`email`, `main`.`User`.`username`, `main`.`User`.`name`, `main`.`User`.`avatar`, `main`.`User`.`tokenBalance`, `main`.`User`.`balance`, `main`.`User`.`totalSpent`, `main`.`User`.`referralCode`, `main`.`User`.`referredBy`, `main`.`User`.`createdAt` FROM `main`.`User` WHERE (`main`.`User`.`id` = ? AND 1=1) LIMIT ? OFFSET ?
2025-12-18 21:31:57: prisma:query SELECT 1
2025-12-18 21:31:57: prisma:query SELECT COUNT(*) AS `_count$_all` FROM (SELECT `main`.`Transaction`.`id` FROM `main`.`Transaction` WHERE `main`.`Transaction`.`userId` = ? LIMIT ? OFFSET ?) AS `sub`
2025-12-18 21:31:57: prisma:query SELECT `main`.`Transaction`.`id`, `main`.`Transaction`.`userId`, `main`.`Transaction`.`type`, `main`.`Transaction`.`amount`, `main`.`Transaction`.`tokens`, `main`.`Transaction`.`balance`, `main`.`Transaction`.`tokenBalance`, `main`.`Transaction`.`description`, `main`.`Transaction`.`paymentMethod`, `main`.`Transaction`.`status`, `main`.`Transaction`.`createdAt` FROM `main`.`Transaction` WHERE `main`.`Transaction`.`userId` = ? ORDER BY `main`.`Transaction`.`createdAt` DESC LIMIT ? OFFSET ?
2025-12-18 21:31:57: prisma:query SELECT `main`.`User`.`id`, `main`.`User`.`email`, `main`.`User`.`username`, `main`.`User`.`password`, `main`.`User`.`name`, `main`.`User`.`avatar`, `main`.`User`.`role`, `main`.`User`.`balance`, `main`.`User`.`tokenBalance`, `main`.`User`.`totalSpent`, `main`.`User`.`isActive`, `main`.`User`.`userType`, `main`.`User`.`age`, `main`.`User`.`gender`, `main`.`User`.`profession`, `main`.`User`.`industry`, `main`.`User`.`education`, `main`.`User`.`country`, `main`.`User`.`province`, `main`.`User`.`city`, `main`.`User`.`address`, `main`.`User`.`phone`, `main`.`User`.`wechat`, `main`.`User`.`qq`, `main`.`User`.`preferredLanguage`, `main`.`User`.`timezone`, `main`.`User`.`tags`, `main`.`User`.`source`, `main`.`User`.`referralCode`, `main`.`User`.`referredBy`, `main`.`User`.`lastLoginAt`, `main`.`User`.`loginCount`, `main`.`User`.`licenseType`, `main`.`User`.`licenseKey`, `main`.`User`.`subscriptionEnd`, `main`.`User`.`createdAt`, `main`.`User`.`updatedAt` FROM `main`.`User` WHERE (`main`.`User`.`id` = ? AND 1=1) LIMIT ? OFFSET ?
2025-12-18 21:31:57: prisma:query SELECT `main`.`User`.`id`, `main`.`User`.`username`, `main`.`User`.`email`, `main`.`User`.`tokenBalance`, `main`.`User`.`balance` FROM `main`.`User` WHERE (`main`.`User`.`id` = ? AND 1=1) LIMIT ? OFFSET ?
2025-12-18 21:31:57: prisma:query SELECT `main`.`User`.`id`, `main`.`User`.`username`, `main`.`User`.`email`, `main`.`User`.`createdAt` FROM `main`.`User` WHERE `main`.`User`.`referredBy` = ? ORDER BY `main`.`User`.`createdAt` DESC LIMIT ? OFFSET ?
2025-12-18 21:31:57: prisma:query SELECT `main`.`User`.`id`, `main`.`User`.`username`, `main`.`User`.`email`, `main`.`User`.`tokenBalance`, `main`.`User`.`balance` FROM `main`.`User` WHERE (`main`.`User`.`id` = ? AND 1=1) LIMIT ? OFFSET ?
2025-12-18 21:31:57: prisma:query SELECT `main`.`ReferralCode`.`id`, `main`.`ReferralCode`.`code`, `main`.`ReferralCode`.`uses`, `main`.`ReferralCode`.`maxUses`, `main`.`ReferralCode`.`createdAt`, `main`.`ReferralCode`.`source`, `main`.`ReferralCode`.`note` FROM `main`.`ReferralCode` WHERE `main`.`ReferralCode`.`creatorId` = ? ORDER BY `main`.`ReferralCode`.`createdAt` DESC LIMIT ? OFFSET ?
2025-12-18 21:31:57: prisma:query SELECT `main`.`User`.`id`, `main`.`User`.`email`, `main`.`User`.`username`, `main`.`User`.`name`, `main`.`User`.`avatar`, `main`.`User`.`tokenBalance`, `main`.`User`.`balance`, `main`.`User`.`totalSpent`, `main`.`User`.`referralCode`, `main`.`User`.`referredBy`, `main`.`User`.`createdAt` FROM `main`.`User` WHERE (`main`.`User`.`id` = ? AND 1=1) LIMIT ? OFFSET ?
2025-12-18 21:31:58: prisma:query INSERT INTO `main`.`UsageRecord` (`id`, `userId`, `type`, `model`, `tokens`, `cost`, `operation`, `createdAt`) VALUES (?,?,?,?,?,?,?,?) RETURNING `id` AS `id`, `userId` AS `userId`, `type` AS `type`, `model` AS `model`, `tokens` AS `tokens`, `cost` AS `cost`, `operation` AS `operation`, `ip` AS `ip`, `userAgent` AS `userAgent`, `createdAt` AS `createdAt`
2025-12-18 21:32:01: prisma:query SELECT `main`.`User`.`id`, `main`.`User`.`username`, `main`.`User`.`email`, `main`.`User`.`tokenBalance`, `main`.`User`.`balance` FROM `main`.`User` WHERE (`main`.`User`.`id` = ? AND 1=1) LIMIT ? OFFSET ?
2025-12-18 21:32:01: prisma:query INSERT INTO `main`.`UsageRecord` (`id`, `userId`, `type`, `model`, `tokens`, `cost`, `operation`, `createdAt`) VALUES (?,?,?,?,?,?,?,?) RETURNING `id` AS `id`, `userId` AS `userId`, `type` AS `type`, `model` AS `model`, `tokens` AS `tokens`, `cost` AS `cost`, `operation` AS `operation`, `ip` AS `ip`, `userAgent` AS `userAgent`, `createdAt` AS `createdAt`
2025-12-18 21:32:01: prisma:query SELECT `main`.`User`.`id`, `main`.`User`.`email`, `main`.`User`.`username`, `main`.`User`.`name`, `main`.`User`.`avatar`, `main`.`User`.`tokenBalance`, `main`.`User`.`balance`, `main`.`User`.`totalSpent`, `main`.`User`.`referralCode`, `main`.`User`.`referredBy`, `main`.`User`.`createdAt` FROM `main`.`User` WHERE (`main`.`User`.`id` = ? AND 1=1) LIMIT ? OFFSET ?
2025-12-18 21:32:01: prisma:query SELECT `main`.`User`.`id`, `main`.`User`.`username`, `main`.`User`.`email`, `main`.`User`.`tokenBalance`, `main`.`User`.`balance` FROM `main`.`User` WHERE (`main`.`User`.`id` = ? AND 1=1) LIMIT ? OFFSET ?
2025-12-18 21:32:02: prisma:query SELECT `main`.`User`.`id`, `main`.`User`.`email`, `main`.`User`.`username`, `main`.`User`.`name`, `main`.`User`.`avatar`, `main`.`User`.`tokenBalance`, `main`.`User`.`balance`, `main`.`User`.`totalSpent`, `main`.`User`.`referralCode`, `main`.`User`.`referredBy`, `main`.`User`.`createdAt` FROM `main`.`User` WHERE (`main`.`User`.`id` = ? AND 1=1) LIMIT ? OFFSET ?
2025-12-18 21:32:14: prisma:query SELECT 1
2025-12-18 21:32:14: prisma:query INSERT INTO `main`.`UsageRecord` (`id`, `userId`, `type`, `model`, `tokens`, `cost`, `operation`, `createdAt`) VALUES (?,?,?,?,?,?,?,?) RETURNING `id` AS `id`, `userId` AS `userId`, `type` AS `type`, `model` AS `model`, `tokens` AS `tokens`, `cost` AS `cost`, `operation` AS `operation`, `ip` AS `ip`, `userAgent` AS `userAgent`, `createdAt` AS `createdAt`
2025-12-18 21:32:15: prisma:query SELECT `main`.`User`.`id`, `main`.`User`.`username`, `main`.`User`.`email`, `main`.`User`.`tokenBalance`, `main`.`User`.`balance` FROM `main`.`User` WHERE (`main`.`User`.`id` = ? AND 1=1) LIMIT ? OFFSET ?
2025-12-18 21:32:15: prisma:query INSERT INTO `main`.`UsageRecord` (`id`, `userId`, `type`, `model`, `tokens`, `cost`, `operation`, `createdAt`) VALUES (?,?,?,?,?,?,?,?) RETURNING `id` AS `id`, `userId` AS `userId`, `type` AS `type`, `model` AS `model`, `tokens` AS `tokens`, `cost` AS `cost`, `operation` AS `operation`, `ip` AS `ip`, `userAgent` AS `userAgent`, `createdAt` AS `createdAt`
2025-12-18 21:32:17: prisma:query SELECT `main`.`User`.`id`, `main`.`User`.`username`, `main`.`User`.`email`, `main`.`User`.`tokenBalance`, `main`.`User`.`balance` FROM `main`.`User` WHERE (`main`.`User`.`id` = ? AND 1=1) LIMIT ? OFFSET ?
2025-12-18 21:32:17: prisma:query INSERT INTO `main`.`UsageRecord` (`id`, `userId`, `type`, `model`, `tokens`, `cost`, `operation`, `createdAt`) VALUES (?,?,?,?,?,?,?,?) RETURNING `id` AS `id`, `userId` AS `userId`, `type` AS `type`, `model` AS `model`, `tokens` AS `tokens`, `cost` AS `cost`, `operation` AS `operation`, `ip` AS `ip`, `userAgent` AS `userAgent`, `createdAt` AS `createdAt`
2025-12-18 21:32:18: prisma:query INSERT INTO `main`.`UsageRecord` (`id`, `userId`, `type`, `model`, `tokens`, `cost`, `operation`, `createdAt`) VALUES (?,?,?,?,?,?,?,?) RETURNING `id` AS `id`, `userId` AS `userId`, `type` AS `type`, `model` AS `model`, `tokens` AS `tokens`, `cost` AS `cost`, `operation` AS `operation`, `ip` AS `ip`, `userAgent` AS `userAgent`, `createdAt` AS `createdAt`
2025-12-18 21:32:19: prisma:query SELECT `main`.`User`.`id`, `main`.`User`.`username`, `main`.`User`.`email`, `main`.`User`.`tokenBalance`, `main`.`User`.`balance` FROM `main`.`User` WHERE (`main`.`User`.`id` = ? AND 1=1) LIMIT ? OFFSET ?
2025-12-18 21:32:19: prisma:query INSERT INTO `main`.`UsageRecord` (`id`, `userId`, `type`, `model`, `tokens`, `cost`, `operation`, `createdAt`) VALUES (?,?,?,?,?,?,?,?) RETURNING `id` AS `id`, `userId` AS `userId`, `type` AS `type`, `model` AS `model`, `tokens` AS `tokens`, `cost` AS `cost`, `operation` AS `operation`, `ip` AS `ip`, `userAgent` AS `userAgent`, `createdAt` AS `createdAt`
2025-12-18 21:32:20: prisma:query SELECT `main`.`User`.`id`, `main`.`User`.`username`, `main`.`User`.`email`, `main`.`User`.`tokenBalance`, `main`.`User`.`balance` FROM `main`.`User` WHERE (`main`.`User`.`id` = ? AND 1=1) LIMIT ? OFFSET ?
2025-12-18 21:32:20: prisma:query INSERT INTO `main`.`UsageRecord` (`id`, `userId`, `type`, `model`, `tokens`, `cost`, `operation`, `createdAt`) VALUES (?,?,?,?,?,?,?,?) RETURNING `id` AS `id`, `userId` AS `userId`, `type` AS `type`, `model` AS `model`, `tokens` AS `tokens`, `cost` AS `cost`, `operation` AS `operation`, `ip` AS `ip`, `userAgent` AS `userAgent`, `createdAt` AS `createdAt`
2025-12-18 21:33:54: prisma:query SELECT 1
2025-12-18 21:33:54: prisma:query SELECT `main`.`User`.`id`, `main`.`User`.`username`, `main`.`User`.`email`, `main`.`User`.`tokenBalance`, `main`.`User`.`balance` FROM `main`.`User` WHERE (`main`.`User`.`id` = ? AND 1=1) LIMIT ? OFFSET ?
2025-12-18 21:33:57: prisma:query INSERT INTO `main`.`UsageRecord` (`id`, `userId`, `type`, `model`, `tokens`, `cost`, `operation`, `createdAt`) VALUES (?,?,?,?,?,?,?,?) RETURNING `id` AS `id`, `userId` AS `userId`, `type` AS `type`, `model` AS `model`, `tokens` AS `tokens`, `cost` AS `cost`, `operation` AS `operation`, `ip` AS `ip`, `userAgent` AS `userAgent`, `createdAt` AS `createdAt`
2025-12-18 21:33:58: prisma:query SELECT `main`.`User`.`id`, `main`.`User`.`username`, `main`.`User`.`email`, `main`.`User`.`tokenBalance`, `main`.`User`.`balance` FROM `main`.`User` WHERE (`main`.`User`.`id` = ? AND 1=1) LIMIT ? OFFSET ?
2025-12-18 21:33:58: prisma:query INSERT INTO `main`.`UsageRecord` (`id`, `userId`, `type`, `model`, `tokens`, `cost`, `operation`, `createdAt`) VALUES (?,?,?,?,?,?,?,?) RETURNING `id` AS `id`, `userId` AS `userId`, `type` AS `type`, `model` AS `model`, `tokens` AS `tokens`, `cost` AS `cost`, `operation` AS `operation`, `ip` AS `ip`, `userAgent` AS `userAgent`, `createdAt` AS `createdAt`
2025-12-18 21:34:01: prisma:query SELECT `main`.`User`.`id`, `main`.`User`.`username`, `main`.`User`.`email`, `main`.`User`.`tokenBalance`, `main`.`User`.`balance` FROM `main`.`User` WHERE (`main`.`User`.`id` = ? AND 1=1) LIMIT ? OFFSET ?
2025-12-18 21:34:01: prisma:query INSERT INTO `main`.`UsageRecord` (`id`, `userId`, `type`, `model`, `tokens`, `cost`, `operation`, `createdAt`) VALUES (?,?,?,?,?,?,?,?) RETURNING `id` AS `id`, `userId` AS `userId`, `type` AS `type`, `model` AS `model`, `tokens` AS `tokens`, `cost` AS `cost`, `operation` AS `operation`, `ip` AS `ip`, `userAgent` AS `userAgent`, `createdAt` AS `createdAt`
2025-12-18 21:34:02: prisma:query SELECT `main`.`User`.`id`, `main`.`User`.`email`, `main`.`User`.`username`, `main`.`User`.`name`, `main`.`User`.`avatar`, `main`.`User`.`tokenBalance`, `main`.`User`.`balance`, `main`.`User`.`totalSpent`, `main`.`User`.`referralCode`, `main`.`User`.`referredBy`, `main`.`User`.`createdAt` FROM `main`.`User` WHERE (`main`.`User`.`id` = ? AND 1=1) LIMIT ? OFFSET ?
2025-12-18 21:34:02: prisma:query SELECT `main`.`User`.`id`, `main`.`User`.`username`, `main`.`User`.`email`, `main`.`User`.`tokenBalance`, `main`.`User`.`balance` FROM `main`.`User` WHERE (`main`.`User`.`id` = ? AND 1=1) LIMIT ? OFFSET ?
2025-12-18 21:34:02: prisma:query SELECT `main`.`User`.`id`, `main`.`User`.`email`, `main`.`User`.`username`, `main`.`User`.`name`, `main`.`User`.`avatar`, `main`.`User`.`tokenBalance`, `main`.`User`.`balance`, `main`.`User`.`totalSpent`, `main`.`User`.`referralCode`, `main`.`User`.`referredBy`, `main`.`User`.`createdAt` FROM `main`.`User` WHERE (`main`.`User`.`id` = ? AND 1=1) LIMIT ? OFFSET ?
2025-12-18 21:41:18:    ▲ Next.js 16.0.3
2025-12-18 21:41:18:    - Local:         http://localhost:3000
2025-12-18 21:41:18:    - Network:       http://10.84.200.48:3000
2025-12-18 21:41:18: 
2025-12-18 21:41:18:  ✓ Starting...
2025-12-18 21:41:19:  ✓ Ready in 1376ms
2025-12-18 21:42:01: prisma:query INSERT INTO `main`.`UsageRecord` (`id`, `userId`, `type`, `model`, `tokens`, `cost`, `operation`, `createdAt`) VALUES (?,?,?,?,?,?,?,?) RETURNING `id` AS `id`, `userId` AS `userId`, `type` AS `type`, `model` AS `model`, `tokens` AS `tokens`, `cost` AS `cost`, `operation` AS `operation`, `ip` AS `ip`, `userAgent` AS `userAgent`, `createdAt` AS `createdAt`
2025-12-18 21:42:02: prisma:query SELECT `main`.`User`.`id`, `main`.`User`.`username`, `main`.`User`.`email`, `main`.`User`.`tokenBalance`, `main`.`User`.`balance` FROM `main`.`User` WHERE (`main`.`User`.`id` = ? AND 1=1) LIMIT ? OFFSET ?
2025-12-18 21:42:02: prisma:query INSERT INTO `main`.`UsageRecord` (`id`, `userId`, `type`, `model`, `tokens`, `cost`, `operation`, `createdAt`) VALUES (?,?,?,?,?,?,?,?) RETURNING `id` AS `id`, `userId` AS `userId`, `type` AS `type`, `model` AS `model`, `tokens` AS `tokens`, `cost` AS `cost`, `operation` AS `operation`, `ip` AS `ip`, `userAgent` AS `userAgent`, `createdAt` AS `createdAt`
2025-12-18 21:42:04: prisma:query SELECT `main`.`User`.`id`, `main`.`User`.`username`, `main`.`User`.`email`, `main`.`User`.`tokenBalance`, `main`.`User`.`balance` FROM `main`.`User` WHERE (`main`.`User`.`id` = ? AND 1=1) LIMIT ? OFFSET ?
2025-12-18 21:42:04: prisma:query INSERT INTO `main`.`UsageRecord` (`id`, `userId`, `type`, `model`, `tokens`, `cost`, `operation`, `createdAt`) VALUES (?,?,?,?,?,?,?,?) RETURNING `id` AS `id`, `userId` AS `userId`, `type` AS `type`, `model` AS `model`, `tokens` AS `tokens`, `cost` AS `cost`, `operation` AS `operation`, `ip` AS `ip`, `userAgent` AS `userAgent`, `createdAt` AS `createdAt`
2025-12-18 21:42:05: prisma:query SELECT `main`.`User`.`id`, `main`.`User`.`email`, `main`.`User`.`username`, `main`.`User`.`name`, `main`.`User`.`avatar`, `main`.`User`.`tokenBalance`, `main`.`User`.`balance`, `main`.`User`.`totalSpent`, `main`.`User`.`referralCode`, `main`.`User`.`referredBy`, `main`.`User`.`createdAt` FROM `main`.`User` WHERE (`main`.`User`.`id` = ? AND 1=1) LIMIT ? OFFSET ?
2025-12-18 21:42:05: prisma:query SELECT `main`.`User`.`id`, `main`.`User`.`username`, `main`.`User`.`email`, `main`.`User`.`tokenBalance`, `main`.`User`.`balance` FROM `main`.`User` WHERE (`main`.`User`.`id` = ? AND 1=1) LIMIT ? OFFSET ?
2025-12-18 21:42:05: prisma:query SELECT `main`.`User`.`id`, `main`.`User`.`email`, `main`.`User`.`username`, `main`.`User`.`name`, `main`.`User`.`avatar`, `main`.`User`.`tokenBalance`, `main`.`User`.`balance`, `main`.`User`.`totalSpent`, `main`.`User`.`referralCode`, `main`.`User`.`referredBy`, `main`.`User`.`createdAt` FROM `main`.`User` WHERE (`main`.`User`.`id` = ? AND 1=1) LIMIT ? OFFSET ?
2025-12-18 21:42:08: prisma:query INSERT INTO `main`.`UsageRecord` (`id`, `userId`, `type`, `model`, `tokens`, `cost`, `operation`, `createdAt`) VALUES (?,?,?,?,?,?,?,?) RETURNING `id` AS `id`, `userId` AS `userId`, `type` AS `type`, `model` AS `model`, `tokens` AS `tokens`, `cost` AS `cost`, `operation` AS `operation`, `ip` AS `ip`, `userAgent` AS `userAgent`, `createdAt` AS `createdAt`
2025-12-18 21:42:09: prisma:query SELECT `main`.`User`.`id`, `main`.`User`.`username`, `main`.`User`.`email`, `main`.`User`.`tokenBalance`, `main`.`User`.`balance` FROM `main`.`User` WHERE (`main`.`User`.`id` = ? AND 1=1) LIMIT ? OFFSET ?
2025-12-18 21:42:09: prisma:query INSERT INTO `main`.`UsageRecord` (`id`, `userId`, `type`, `model`, `tokens`, `cost`, `operation`, `createdAt`) VALUES (?,?,?,?,?,?,?,?) RETURNING `id` AS `id`, `userId` AS `userId`, `type` AS `type`, `model` AS `model`, `tokens` AS `tokens`, `cost` AS `cost`, `operation` AS `operation`, `ip` AS `ip`, `userAgent` AS `userAgent`, `createdAt` AS `createdAt`
2025-12-18 21:42:12: prisma:query SELECT `main`.`User`.`id`, `main`.`User`.`username`, `main`.`User`.`email`, `main`.`User`.`tokenBalance`, `main`.`User`.`balance` FROM `main`.`User` WHERE (`main`.`User`.`id` = ? AND 1=1) LIMIT ? OFFSET ?
2025-12-18 21:42:12: prisma:query INSERT INTO `main`.`UsageRecord` (`id`, `userId`, `type`, `model`, `tokens`, `cost`, `operation`, `createdAt`) VALUES (?,?,?,?,?,?,?,?) RETURNING `id` AS `id`, `userId` AS `userId`, `type` AS `type`, `model` AS `model`, `tokens` AS `tokens`, `cost` AS `cost`, `operation` AS `operation`, `ip` AS `ip`, `userAgent` AS `userAgent`, `createdAt` AS `createdAt`
2025-12-18 21:42:43: prisma:query SELECT 1
2025-12-18 21:42:43: prisma:query SELECT `main`.`User`.`id`, `main`.`User`.`username`, `main`.`User`.`email`, `main`.`User`.`tokenBalance`, `main`.`User`.`balance` FROM `main`.`User` WHERE (`main`.`User`.`id` = ? AND 1=1) LIMIT ? OFFSET ?
2025-12-18 21:42:55: prisma:query INSERT INTO `main`.`Order` (`id`, `orderNo`, `orderType`, `userId`, `amount`, `duration`, `currency`, `status`, `productName`, `createdAt`, `updatedAt`) VALUES (?,?,?,?,?,?,?,?,?,?,?) RETURNING `id` AS `id`, `orderNo` AS `orderNo`, `orderType` AS `orderType`, `userId` AS `userId`, `amount` AS `amount`, `originalAmount` AS `originalAmount`, `tokens` AS `tokens`, `duration` AS `duration`, `currency` AS `currency`, `status` AS `status`, `paymentMethod` AS `paymentMethod`, `paymentTime` AS `paymentTime`, `productId` AS `productId`, `productName` AS `productName`, `description` AS `description`, `clientIp` AS `clientIp`, `createdAt` AS `createdAt`, `updatedAt` AS `updatedAt`
2025-12-18 21:42:57: prisma:query SELECT `main`.`Order`.`id`, `main`.`Order`.`orderNo`, `main`.`Order`.`orderType`, `main`.`Order`.`userId`, `main`.`Order`.`amount`, `main`.`Order`.`originalAmount`, `main`.`Order`.`tokens`, `main`.`Order`.`duration`, `main`.`Order`.`currency`, `main`.`Order`.`status`, `main`.`Order`.`paymentMethod`, `main`.`Order`.`paymentTime`, `main`.`Order`.`productId`, `main`.`Order`.`productName`, `main`.`Order`.`description`, `main`.`Order`.`clientIp`, `main`.`Order`.`createdAt`, `main`.`Order`.`updatedAt` FROM `main`.`Order` WHERE (`main`.`Order`.`orderNo` = ? AND 1=1) LIMIT ? OFFSET ?
2025-12-18 21:42:59: prisma:query SELECT 1
2025-12-18 21:42:59: prisma:query SELECT `main`.`Order`.`id`, `main`.`Order`.`orderNo`, `main`.`Order`.`orderType`, `main`.`Order`.`userId`, `main`.`Order`.`amount`, `main`.`Order`.`originalAmount`, `main`.`Order`.`tokens`, `main`.`Order`.`duration`, `main`.`Order`.`currency`, `main`.`Order`.`status`, `main`.`Order`.`paymentMethod`, `main`.`Order`.`paymentTime`, `main`.`Order`.`productId`, `main`.`Order`.`productName`, `main`.`Order`.`description`, `main`.`Order`.`clientIp`, `main`.`Order`.`createdAt`, `main`.`Order`.`updatedAt` FROM `main`.`Order` WHERE (`main`.`Order`.`orderNo` = ? AND 1=1) LIMIT ? OFFSET ?
2025-12-18 21:43:01: prisma:query SELECT `main`.`Order`.`id`, `main`.`Order`.`orderNo`, `main`.`Order`.`orderType`, `main`.`Order`.`userId`, `main`.`Order`.`amount`, `main`.`Order`.`originalAmount`, `main`.`Order`.`tokens`, `main`.`Order`.`duration`, `main`.`Order`.`currency`, `main`.`Order`.`status`, `main`.`Order`.`paymentMethod`, `main`.`Order`.`paymentTime`, `main`.`Order`.`productId`, `main`.`Order`.`productName`, `main`.`Order`.`description`, `main`.`Order`.`clientIp`, `main`.`Order`.`createdAt`, `main`.`Order`.`updatedAt` FROM `main`.`Order` WHERE (`main`.`Order`.`orderNo` = ? AND 1=1) LIMIT ? OFFSET ?
2025-12-18 21:43:06: prisma:query INSERT INTO `main`.`Order` (`id`, `orderNo`, `orderType`, `userId`, `amount`, `duration`, `currency`, `status`, `productName`, `createdAt`, `updatedAt`) VALUES (?,?,?,?,?,?,?,?,?,?,?) RETURNING `id` AS `id`, `orderNo` AS `orderNo`, `orderType` AS `orderType`, `userId` AS `userId`, `amount` AS `amount`, `originalAmount` AS `originalAmount`, `tokens` AS `tokens`, `duration` AS `duration`, `currency` AS `currency`, `status` AS `status`, `paymentMethod` AS `paymentMethod`, `paymentTime` AS `paymentTime`, `productId` AS `productId`, `productName` AS `productName`, `description` AS `description`, `clientIp` AS `clientIp`, `createdAt` AS `createdAt`, `updatedAt` AS `updatedAt`
2025-12-18 21:43:23: prisma:query SELECT 1
2025-12-18 21:43:23: prisma:query INSERT INTO `main`.`UsageRecord` (`id`, `userId`, `type`, `model`, `tokens`, `cost`, `operation`, `createdAt`) VALUES (?,?,?,?,?,?,?,?) RETURNING `id` AS `id`, `userId` AS `userId`, `type` AS `type`, `model` AS `model`, `tokens` AS `tokens`, `cost` AS `cost`, `operation` AS `operation`, `ip` AS `ip`, `userAgent` AS `userAgent`, `createdAt` AS `createdAt`
2025-12-18 21:43:24: prisma:query SELECT `main`.`User`.`id`, `main`.`User`.`username`, `main`.`User`.`email`, `main`.`User`.`tokenBalance`, `main`.`User`.`balance` FROM `main`.`User` WHERE (`main`.`User`.`id` = ? AND 1=1) LIMIT ? OFFSET ?
2025-12-18 21:43:24: prisma:query INSERT INTO `main`.`UsageRecord` (`id`, `userId`, `type`, `model`, `tokens`, `cost`, `operation`, `createdAt`) VALUES (?,?,?,?,?,?,?,?) RETURNING `id` AS `id`, `userId` AS `userId`, `type` AS `type`, `model` AS `model`, `tokens` AS `tokens`, `cost` AS `cost`, `operation` AS `operation`, `ip` AS `ip`, `userAgent` AS `userAgent`, `createdAt` AS `createdAt`
2025-12-18 21:48:03:    ▲ Next.js 16.0.3
2025-12-18 21:48:03:    - Local:         http://localhost:3000
2025-12-18 21:48:03:    - Network:       http://10.84.200.48:3000
2025-12-18 21:48:03: 
2025-12-18 21:48:03:  ✓ Starting...
2025-12-18 21:48:04:  ✓ Ready in 1313ms
2025-12-18 21:48:18: prisma:query SELECT `main`.`User`.`id`, `main`.`User`.`username`, `main`.`User`.`email`, `main`.`User`.`tokenBalance`, `main`.`User`.`balance` FROM `main`.`User` WHERE (`main`.`User`.`id` = ? AND 1=1) LIMIT ? OFFSET ?
2025-12-18 21:48:21: prisma:query SELECT `main`.`User`.`id`, `main`.`User`.`email`, `main`.`User`.`username`, `main`.`User`.`name`, `main`.`User`.`avatar`, `main`.`User`.`tokenBalance`, `main`.`User`.`balance`, `main`.`User`.`totalSpent`, `main`.`User`.`referralCode`, `main`.`User`.`referredBy`, `main`.`User`.`createdAt` FROM `main`.`User` WHERE (`main`.`User`.`id` = ? AND 1=1) LIMIT ? OFFSET ?
2025-12-18 21:48:21: prisma:query SELECT COUNT(*) AS `_count$_all` FROM (SELECT `main`.`Transaction`.`id` FROM `main`.`Transaction` WHERE `main`.`Transaction`.`userId` = ? LIMIT ? OFFSET ?) AS `sub`
2025-12-18 21:48:21: prisma:query SELECT `main`.`Transaction`.`id`, `main`.`Transaction`.`userId`, `main`.`Transaction`.`type`, `main`.`Transaction`.`amount`, `main`.`Transaction`.`tokens`, `main`.`Transaction`.`balance`, `main`.`Transaction`.`tokenBalance`, `main`.`Transaction`.`description`, `main`.`Transaction`.`paymentMethod`, `main`.`Transaction`.`status`, `main`.`Transaction`.`createdAt` FROM `main`.`Transaction` WHERE `main`.`Transaction`.`userId` = ? ORDER BY `main`.`Transaction`.`createdAt` DESC LIMIT ? OFFSET ?
2025-12-18 21:48:21: prisma:query SELECT `main`.`User`.`id`, `main`.`User`.`email`, `main`.`User`.`username`, `main`.`User`.`password`, `main`.`User`.`name`, `main`.`User`.`avatar`, `main`.`User`.`role`, `main`.`User`.`balance`, `main`.`User`.`tokenBalance`, `main`.`User`.`totalSpent`, `main`.`User`.`isActive`, `main`.`User`.`userType`, `main`.`User`.`age`, `main`.`User`.`gender`, `main`.`User`.`profession`, `main`.`User`.`industry`, `main`.`User`.`education`, `main`.`User`.`country`, `main`.`User`.`province`, `main`.`User`.`city`, `main`.`User`.`address`, `main`.`User`.`phone`, `main`.`User`.`wechat`, `main`.`User`.`qq`, `main`.`User`.`preferredLanguage`, `main`.`User`.`timezone`, `main`.`User`.`tags`, `main`.`User`.`source`, `main`.`User`.`referralCode`, `main`.`User`.`referredBy`, `main`.`User`.`lastLoginAt`, `main`.`User`.`loginCount`, `main`.`User`.`licenseType`, `main`.`User`.`licenseKey`, `main`.`User`.`subscriptionEnd`, `main`.`User`.`createdAt`, `main`.`User`.`updatedAt` FROM `main`.`User` WHERE (`main`.`User`.`id` = ? AND 1=1) LIMIT ? OFFSET ?
2025-12-18 21:48:21: prisma:query SELECT `main`.`User`.`id`, `main`.`User`.`username`, `main`.`User`.`email`, `main`.`User`.`tokenBalance`, `main`.`User`.`balance` FROM `main`.`User` WHERE (`main`.`User`.`id` = ? AND 1=1) LIMIT ? OFFSET ?
2025-12-18 21:48:21: prisma:query SELECT `main`.`User`.`id`, `main`.`User`.`username`, `main`.`User`.`email`, `main`.`User`.`createdAt` FROM `main`.`User` WHERE `main`.`User`.`referredBy` = ? ORDER BY `main`.`User`.`createdAt` DESC LIMIT ? OFFSET ?
2025-12-18 21:48:21: prisma:query SELECT `main`.`ReferralCode`.`id`, `main`.`ReferralCode`.`code`, `main`.`ReferralCode`.`uses`, `main`.`ReferralCode`.`maxUses`, `main`.`ReferralCode`.`createdAt`, `main`.`ReferralCode`.`source`, `main`.`ReferralCode`.`note` FROM `main`.`ReferralCode` WHERE `main`.`ReferralCode`.`creatorId` = ? ORDER BY `main`.`ReferralCode`.`createdAt` DESC LIMIT ? OFFSET ?
2025-12-18 21:48:54: prisma:query SELECT 1
2025-12-18 21:48:54: prisma:query SELECT `main`.`User`.`id`, `main`.`User`.`username`, `main`.`User`.`email`, `main`.`User`.`tokenBalance`, `main`.`User`.`balance` FROM `main`.`User` WHERE (`main`.`User`.`id` = ? AND 1=1) LIMIT ? OFFSET ?
2025-12-18 21:48:54: prisma:query INSERT INTO `main`.`UsageRecord` (`id`, `userId`, `type`, `model`, `tokens`, `cost`, `operation`, `createdAt`) VALUES (?,?,?,?,?,?,?,?) RETURNING `id` AS `id`, `userId` AS `userId`, `type` AS `type`, `model` AS `model`, `tokens` AS `tokens`, `cost` AS `cost`, `operation` AS `operation`, `ip` AS `ip`, `userAgent` AS `userAgent`, `createdAt` AS `createdAt`
2025-12-18 21:48:55: prisma:query INSERT INTO `main`.`UsageRecord` (`id`, `userId`, `type`, `model`, `tokens`, `cost`, `operation`, `createdAt`) VALUES (?,?,?,?,?,?,?,?) RETURNING `id` AS `id`, `userId` AS `userId`, `type` AS `type`, `model` AS `model`, `tokens` AS `tokens`, `cost` AS `cost`, `operation` AS `operation`, `ip` AS `ip`, `userAgent` AS `userAgent`, `createdAt` AS `createdAt`
2025-12-18 21:48:55: prisma:query SELECT `main`.`User`.`id`, `main`.`User`.`email`, `main`.`User`.`username`, `main`.`User`.`name`, `main`.`User`.`avatar`, `main`.`User`.`tokenBalance`, `main`.`User`.`balance`, `main`.`User`.`totalSpent`, `main`.`User`.`referralCode`, `main`.`User`.`referredBy`, `main`.`User`.`createdAt` FROM `main`.`User` WHERE (`main`.`User`.`id` = ? AND 1=1) LIMIT ? OFFSET ?
2025-12-18 21:48:55: prisma:query SELECT `main`.`User`.`id`, `main`.`User`.`username`, `main`.`User`.`email`, `main`.`User`.`tokenBalance`, `main`.`User`.`balance` FROM `main`.`User` WHERE (`main`.`User`.`id` = ? AND 1=1) LIMIT ? OFFSET ?
2025-12-18 21:48:55: prisma:query SELECT `main`.`User`.`id`, `main`.`User`.`email`, `main`.`User`.`username`, `main`.`User`.`name`, `main`.`User`.`avatar`, `main`.`User`.`tokenBalance`, `main`.`User`.`balance`, `main`.`User`.`totalSpent`, `main`.`User`.`referralCode`, `main`.`User`.`referredBy`, `main`.`User`.`createdAt` FROM `main`.`User` WHERE (`main`.`User`.`id` = ? AND 1=1) LIMIT ? OFFSET ?
2025-12-18 21:48:56: prisma:query SELECT `main`.`User`.`id`, `main`.`User`.`username`, `main`.`User`.`email`, `main`.`User`.`tokenBalance`, `main`.`User`.`balance` FROM `main`.`User` WHERE (`main`.`User`.`id` = ? AND 1=1) LIMIT ? OFFSET ?
2025-12-18 21:48:56: prisma:query INSERT INTO `main`.`UsageRecord` (`id`, `userId`, `type`, `model`, `tokens`, `cost`, `operation`, `createdAt`) VALUES (?,?,?,?,?,?,?,?) RETURNING `id` AS `id`, `userId` AS `userId`, `type` AS `type`, `model` AS `model`, `tokens` AS `tokens`, `cost` AS `cost`, `operation` AS `operation`, `ip` AS `ip`, `userAgent` AS `userAgent`, `createdAt` AS `createdAt`
2025-12-18 21:48:58: prisma:query SELECT `main`.`User`.`id`, `main`.`User`.`username`, `main`.`User`.`email`, `main`.`User`.`tokenBalance`, `main`.`User`.`balance` FROM `main`.`User` WHERE (`main`.`User`.`id` = ? AND 1=1) LIMIT ? OFFSET ?
2025-12-18 21:48:58: prisma:query INSERT INTO `main`.`UsageRecord` (`id`, `userId`, `type`, `model`, `tokens`, `cost`, `operation`, `createdAt`) VALUES (?,?,?,?,?,?,?,?) RETURNING `id` AS `id`, `userId` AS `userId`, `type` AS `type`, `model` AS `model`, `tokens` AS `tokens`, `cost` AS `cost`, `operation` AS `operation`, `ip` AS `ip`, `userAgent` AS `userAgent`, `createdAt` AS `createdAt`
2025-12-18 21:48:59: prisma:query INSERT INTO `main`.`UsageRecord` (`id`, `userId`, `type`, `model`, `tokens`, `cost`, `operation`, `createdAt`) VALUES (?,?,?,?,?,?,?,?) RETURNING `id` AS `id`, `userId` AS `userId`, `type` AS `type`, `model` AS `model`, `tokens` AS `tokens`, `cost` AS `cost`, `operation` AS `operation`, `ip` AS `ip`, `userAgent` AS `userAgent`, `createdAt` AS `createdAt`
2025-12-18 21:49:01: prisma:query SELECT `main`.`User`.`id`, `main`.`User`.`username`, `main`.`User`.`email`, `main`.`User`.`tokenBalance`, `main`.`User`.`balance` FROM `main`.`User` WHERE (`main`.`User`.`id` = ? AND 1=1) LIMIT ? OFFSET ?
2025-12-18 21:49:01: prisma:query INSERT INTO `main`.`UsageRecord` (`id`, `userId`, `type`, `model`, `tokens`, `cost`, `operation`, `createdAt`) VALUES (?,?,?,?,?,?,?,?) RETURNING `id` AS `id`, `userId` AS `userId`, `type` AS `type`, `model` AS `model`, `tokens` AS `tokens`, `cost` AS `cost`, `operation` AS `operation`, `ip` AS `ip`, `userAgent` AS `userAgent`, `createdAt` AS `createdAt`
2025-12-18 21:49:02: prisma:query SELECT `main`.`User`.`id`, `main`.`User`.`username`, `main`.`User`.`email`, `main`.`User`.`tokenBalance`, `main`.`User`.`balance` FROM `main`.`User` WHERE (`main`.`User`.`id` = ? AND 1=1) LIMIT ? OFFSET ?
2025-12-18 21:49:02: prisma:query INSERT INTO `main`.`UsageRecord` (`id`, `userId`, `type`, `model`, `tokens`, `cost`, `operation`, `createdAt`) VALUES (?,?,?,?,?,?,?,?) RETURNING `id` AS `id`, `userId` AS `userId`, `type` AS `type`, `model` AS `model`, `tokens` AS `tokens`, `cost` AS `cost`, `operation` AS `operation`, `ip` AS `ip`, `userAgent` AS `userAgent`, `createdAt` AS `createdAt`
2025-12-18 21:49:03: prisma:query INSERT INTO `main`.`UsageRecord` (`id`, `userId`, `type`, `model`, `tokens`, `cost`, `operation`, `createdAt`) VALUES (?,?,?,?,?,?,?,?) RETURNING `id` AS `id`, `userId` AS `userId`, `type` AS `type`, `model` AS `model`, `tokens` AS `tokens`, `cost` AS `cost`, `operation` AS `operation`, `ip` AS `ip`, `userAgent` AS `userAgent`, `createdAt` AS `createdAt`
2025-12-18 21:49:04: prisma:query SELECT `main`.`User`.`id`, `main`.`User`.`username`, `main`.`User`.`email`, `main`.`User`.`tokenBalance`, `main`.`User`.`balance` FROM `main`.`User` WHERE (`main`.`User`.`id` = ? AND 1=1) LIMIT ? OFFSET ?
2025-12-18 21:49:04: prisma:query INSERT INTO `main`.`UsageRecord` (`id`, `userId`, `type`, `model`, `tokens`, `cost`, `operation`, `createdAt`) VALUES (?,?,?,?,?,?,?,?) RETURNING `id` AS `id`, `userId` AS `userId`, `type` AS `type`, `model` AS `model`, `tokens` AS `tokens`, `cost` AS `cost`, `operation` AS `operation`, `ip` AS `ip`, `userAgent` AS `userAgent`, `createdAt` AS `createdAt`
2025-12-18 21:49:05: prisma:query SELECT `main`.`User`.`id`, `main`.`User`.`username`, `main`.`User`.`email`, `main`.`User`.`tokenBalance`, `main`.`User`.`balance` FROM `main`.`User` WHERE (`main`.`User`.`id` = ? AND 1=1) LIMIT ? OFFSET ?
2025-12-18 21:49:05: prisma:query INSERT INTO `main`.`UsageRecord` (`id`, `userId`, `type`, `model`, `tokens`, `cost`, `operation`, `createdAt`) VALUES (?,?,?,?,?,?,?,?) RETURNING `id` AS `id`, `userId` AS `userId`, `type` AS `type`, `model` AS `model`, `tokens` AS `tokens`, `cost` AS `cost`, `operation` AS `operation`, `ip` AS `ip`, `userAgent` AS `userAgent`, `createdAt` AS `createdAt`
2025-12-18 21:49:07: prisma:query INSERT INTO `main`.`UsageRecord` (`id`, `userId`, `type`, `model`, `tokens`, `cost`, `operation`, `createdAt`) VALUES (?,?,?,?,?,?,?,?) RETURNING `id` AS `id`, `userId` AS `userId`, `type` AS `type`, `model` AS `model`, `tokens` AS `tokens`, `cost` AS `cost`, `operation` AS `operation`, `ip` AS `ip`, `userAgent` AS `userAgent`, `createdAt` AS `createdAt`
2025-12-18 21:49:52: prisma:query SELECT 1
2025-12-18 21:49:52: prisma:query SELECT `main`.`User`.`id`, `main`.`User`.`username`, `main`.`User`.`email`, `main`.`User`.`tokenBalance`, `main`.`User`.`balance` FROM `main`.`User` WHERE (`main`.`User`.`id` = ? AND 1=1) LIMIT ? OFFSET ?
2025-12-18 21:49:52: prisma:query INSERT INTO `main`.`UsageRecord` (`id`, `userId`, `type`, `model`, `tokens`, `cost`, `operation`, `createdAt`) VALUES (?,?,?,?,?,?,?,?) RETURNING `id` AS `id`, `userId` AS `userId`, `type` AS `type`, `model` AS `model`, `tokens` AS `tokens`, `cost` AS `cost`, `operation` AS `operation`, `ip` AS `ip`, `userAgent` AS `userAgent`, `createdAt` AS `createdAt`
2025-12-18 21:49:55: prisma:query SELECT `main`.`User`.`id`, `main`.`User`.`username`, `main`.`User`.`email`, `main`.`User`.`tokenBalance`, `main`.`User`.`balance` FROM `main`.`User` WHERE (`main`.`User`.`id` = ? AND 1=1) LIMIT ? OFFSET ?
2025-12-18 21:49:55: prisma:query INSERT INTO `main`.`UsageRecord` (`id`, `userId`, `type`, `model`, `tokens`, `cost`, `operation`, `createdAt`) VALUES (?,?,?,?,?,?,?,?) RETURNING `id` AS `id`, `userId` AS `userId`, `type` AS `type`, `model` AS `model`, `tokens` AS `tokens`, `cost` AS `cost`, `operation` AS `operation`, `ip` AS `ip`, `userAgent` AS `userAgent`, `createdAt` AS `createdAt`
2025-12-18 21:49:56: prisma:query SELECT `main`.`User`.`id`, `main`.`User`.`email`, `main`.`User`.`username`, `main`.`User`.`name`, `main`.`User`.`avatar`, `main`.`User`.`tokenBalance`, `main`.`User`.`balance`, `main`.`User`.`totalSpent`, `main`.`User`.`referralCode`, `main`.`User`.`referredBy`, `main`.`User`.`createdAt` FROM `main`.`User` WHERE (`main`.`User`.`id` = ? AND 1=1) LIMIT ? OFFSET ?
2025-12-18 21:49:56: prisma:query SELECT `main`.`User`.`id`, `main`.`User`.`username`, `main`.`User`.`email`, `main`.`User`.`tokenBalance`, `main`.`User`.`balance` FROM `main`.`User` WHERE (`main`.`User`.`id` = ? AND 1=1) LIMIT ? OFFSET ?
2025-12-18 21:49:56: prisma:query SELECT `main`.`User`.`id`, `main`.`User`.`email`, `main`.`User`.`username`, `main`.`User`.`name`, `main`.`User`.`avatar`, `main`.`User`.`tokenBalance`, `main`.`User`.`balance`, `main`.`User`.`totalSpent`, `main`.`User`.`referralCode`, `main`.`User`.`referredBy`, `main`.`User`.`createdAt` FROM `main`.`User` WHERE (`main`.`User`.`id` = ? AND 1=1) LIMIT ? OFFSET ?
2025-12-18 21:49:57: prisma:query INSERT INTO `main`.`UsageRecord` (`id`, `userId`, `type`, `model`, `tokens`, `cost`, `operation`, `createdAt`) VALUES (?,?,?,?,?,?,?,?) RETURNING `id` AS `id`, `userId` AS `userId`, `type` AS `type`, `model` AS `model`, `tokens` AS `tokens`, `cost` AS `cost`, `operation` AS `operation`, `ip` AS `ip`, `userAgent` AS `userAgent`, `createdAt` AS `createdAt`
2025-12-18 21:50:29: prisma:query SELECT 1
2025-12-18 21:50:29: prisma:query SELECT `main`.`User`.`id`, `main`.`User`.`username`, `main`.`User`.`email`, `main`.`User`.`tokenBalance`, `main`.`User`.`balance` FROM `main`.`User` WHERE (`main`.`User`.`id` = ? AND 1=1) LIMIT ? OFFSET ?
2025-12-18 21:50:29: prisma:query SELECT `main`.`User`.`id`, `main`.`User`.`email`, `main`.`User`.`username`, `main`.`User`.`name`, `main`.`User`.`avatar`, `main`.`User`.`tokenBalance`, `main`.`User`.`balance`, `main`.`User`.`totalSpent`, `main`.`User`.`referralCode`, `main`.`User`.`referredBy`, `main`.`User`.`createdAt` FROM `main`.`User` WHERE (`main`.`User`.`id` = ? AND 1=1) LIMIT ? OFFSET ?
2025-12-18 21:50:29: prisma:query SELECT `main`.`User`.`id`, `main`.`User`.`username`, `main`.`User`.`email`, `main`.`User`.`tokenBalance`, `main`.`User`.`balance` FROM `main`.`User` WHERE (`main`.`User`.`id` = ? AND 1=1) LIMIT ? OFFSET ?
2025-12-18 21:50:29: prisma:query INSERT INTO `main`.`UsageRecord` (`id`, `userId`, `type`, `model`, `tokens`, `cost`, `operation`, `createdAt`) VALUES (?,?,?,?,?,?,?,?) RETURNING `id` AS `id`, `userId` AS `userId`, `type` AS `type`, `model` AS `model`, `tokens` AS `tokens`, `cost` AS `cost`, `operation` AS `operation`, `ip` AS `ip`, `userAgent` AS `userAgent`, `createdAt` AS `createdAt`
2025-12-18 21:50:41: prisma:query SELECT `main`.`User`.`id`, `main`.`User`.`username`, `main`.`User`.`email`, `main`.`User`.`tokenBalance`, `main`.`User`.`balance` FROM `main`.`User` WHERE (`main`.`User`.`id` = ? AND 1=1) LIMIT ? OFFSET ?
2025-12-18 21:50:41: prisma:query SELECT `main`.`User`.`id`, `main`.`User`.`email`, `main`.`User`.`username`, `main`.`User`.`name`, `main`.`User`.`avatar`, `main`.`User`.`tokenBalance`, `main`.`User`.`balance`, `main`.`User`.`totalSpent`, `main`.`User`.`referralCode`, `main`.`User`.`referredBy`, `main`.`User`.`createdAt` FROM `main`.`User` WHERE (`main`.`User`.`id` = ? AND 1=1) LIMIT ? OFFSET ?
2025-12-18 21:50:41: prisma:query SELECT `main`.`User`.`id`, `main`.`User`.`username`, `main`.`User`.`email`, `main`.`User`.`tokenBalance`, `main`.`User`.`balance` FROM `main`.`User` WHERE (`main`.`User`.`id` = ? AND 1=1) LIMIT ? OFFSET ?
2025-12-18 21:50:41: prisma:query INSERT INTO `main`.`UsageRecord` (`id`, `userId`, `type`, `model`, `tokens`, `cost`, `operation`, `createdAt`) VALUES (?,?,?,?,?,?,?,?) RETURNING `id` AS `id`, `userId` AS `userId`, `type` AS `type`, `model` AS `model`, `tokens` AS `tokens`, `cost` AS `cost`, `operation` AS `operation`, `ip` AS `ip`, `userAgent` AS `userAgent`, `createdAt` AS `createdAt`
2025-12-18 21:50:51: prisma:query SELECT 1
2025-12-18 21:50:51: prisma:query SELECT `main`.`User`.`id`, `main`.`User`.`username`, `main`.`User`.`email`, `main`.`User`.`tokenBalance`, `main`.`User`.`balance` FROM `main`.`User` WHERE (`main`.`User`.`id` = ? AND 1=1) LIMIT ? OFFSET ?
2025-12-18 21:50:51: prisma:query SELECT `main`.`User`.`id`, `main`.`User`.`email`, `main`.`User`.`username`, `main`.`User`.`name`, `main`.`User`.`avatar`, `main`.`User`.`tokenBalance`, `main`.`User`.`balance`, `main`.`User`.`totalSpent`, `main`.`User`.`referralCode`, `main`.`User`.`referredBy`, `main`.`User`.`createdAt` FROM `main`.`User` WHERE (`main`.`User`.`id` = ? AND 1=1) LIMIT ? OFFSET ?
2025-12-18 21:50:51: prisma:query SELECT `main`.`User`.`id`, `main`.`User`.`username`, `main`.`User`.`email`, `main`.`User`.`tokenBalance`, `main`.`User`.`balance` FROM `main`.`User` WHERE (`main`.`User`.`id` = ? AND 1=1) LIMIT ? OFFSET ?
2025-12-18 21:50:51: prisma:query INSERT INTO `main`.`UsageRecord` (`id`, `userId`, `type`, `model`, `tokens`, `cost`, `operation`, `createdAt`) VALUES (?,?,?,?,?,?,?,?) RETURNING `id` AS `id`, `userId` AS `userId`, `type` AS `type`, `model` AS `model`, `tokens` AS `tokens`, `cost` AS `cost`, `operation` AS `operation`, `ip` AS `ip`, `userAgent` AS `userAgent`, `createdAt` AS `createdAt`
2025-12-18 21:51:59: prisma:query SELECT 1
2025-12-18 21:51:59: prisma:query SELECT `main`.`User`.`id`, `main`.`User`.`username`, `main`.`User`.`email`, `main`.`User`.`tokenBalance`, `main`.`User`.`balance` FROM `main`.`User` WHERE (`main`.`User`.`id` = ? AND 1=1) LIMIT ? OFFSET ?
2025-12-18 21:51:59: prisma:query SELECT `main`.`User`.`id`, `main`.`User`.`email`, `main`.`User`.`username`, `main`.`User`.`name`, `main`.`User`.`avatar`, `main`.`User`.`tokenBalance`, `main`.`User`.`balance`, `main`.`User`.`totalSpent`, `main`.`User`.`referralCode`, `main`.`User`.`referredBy`, `main`.`User`.`createdAt` FROM `main`.`User` WHERE (`main`.`User`.`id` = ? AND 1=1) LIMIT ? OFFSET ?
2025-12-18 21:51:59: prisma:query SELECT `main`.`User`.`id`, `main`.`User`.`username`, `main`.`User`.`email`, `main`.`User`.`tokenBalance`, `main`.`User`.`balance` FROM `main`.`User` WHERE (`main`.`User`.`id` = ? AND 1=1) LIMIT ? OFFSET ?
2025-12-18 21:51:59: prisma:query INSERT INTO `main`.`UsageRecord` (`id`, `userId`, `type`, `model`, `tokens`, `cost`, `operation`, `createdAt`) VALUES (?,?,?,?,?,?,?,?) RETURNING `id` AS `id`, `userId` AS `userId`, `type` AS `type`, `model` AS `model`, `tokens` AS `tokens`, `cost` AS `cost`, `operation` AS `operation`, `ip` AS `ip`, `userAgent` AS `userAgent`, `createdAt` AS `createdAt`
2025-12-18 21:55:39: prisma:query SELECT 1
2025-12-18 21:55:39: prisma:query SELECT `main`.`User`.`id`, `main`.`User`.`username`, `main`.`User`.`email`, `main`.`User`.`tokenBalance`, `main`.`User`.`balance` FROM `main`.`User` WHERE (`main`.`User`.`id` = ? AND 1=1) LIMIT ? OFFSET ?
2025-12-18 21:55:39: prisma:query SELECT `main`.`User`.`id`, `main`.`User`.`username`, `main`.`User`.`email`, `main`.`User`.`tokenBalance`, `main`.`User`.`balance` FROM `main`.`User` WHERE (`main`.`User`.`id` = ? AND 1=1) LIMIT ? OFFSET ?
2025-12-18 21:55:39: prisma:query SELECT `main`.`User`.`id`, `main`.`User`.`email`, `main`.`User`.`username`, `main`.`User`.`name`, `main`.`User`.`avatar`, `main`.`User`.`tokenBalance`, `main`.`User`.`balance`, `main`.`User`.`totalSpent`, `main`.`User`.`referralCode`, `main`.`User`.`referredBy`, `main`.`User`.`createdAt` FROM `main`.`User` WHERE (`main`.`User`.`id` = ? AND 1=1) LIMIT ? OFFSET ?
2025-12-18 21:55:39: prisma:query INSERT INTO `main`.`UsageRecord` (`id`, `userId`, `type`, `model`, `tokens`, `cost`, `operation`, `createdAt`) VALUES (?,?,?,?,?,?,?,?) RETURNING `id` AS `id`, `userId` AS `userId`, `type` AS `type`, `model` AS `model`, `tokens` AS `tokens`, `cost` AS `cost`, `operation` AS `operation`, `ip` AS `ip`, `userAgent` AS `userAgent`, `createdAt` AS `createdAt`
2025-12-18 21:55:40: prisma:query INSERT INTO `main`.`UsageRecord` (`id`, `userId`, `type`, `model`, `tokens`, `cost`, `operation`, `createdAt`) VALUES (?,?,?,?,?,?,?,?) RETURNING `id` AS `id`, `userId` AS `userId`, `type` AS `type`, `model` AS `model`, `tokens` AS `tokens`, `cost` AS `cost`, `operation` AS `operation`, `ip` AS `ip`, `userAgent` AS `userAgent`, `createdAt` AS `createdAt`
2025-12-18 21:55:40: prisma:query SELECT `main`.`User`.`id`, `main`.`User`.`email`, `main`.`User`.`username`, `main`.`User`.`name`, `main`.`User`.`avatar`, `main`.`User`.`tokenBalance`, `main`.`User`.`balance`, `main`.`User`.`totalSpent`, `main`.`User`.`referralCode`, `main`.`User`.`referredBy`, `main`.`User`.`createdAt` FROM `main`.`User` WHERE (`main`.`User`.`id` = ? AND 1=1) LIMIT ? OFFSET ?
2025-12-18 21:55:41: prisma:query SELECT `main`.`User`.`id`, `main`.`User`.`username`, `main`.`User`.`email`, `main`.`User`.`tokenBalance`, `main`.`User`.`balance` FROM `main`.`User` WHERE (`main`.`User`.`id` = ? AND 1=1) LIMIT ? OFFSET ?
2025-12-18 21:55:41: prisma:query SELECT `main`.`User`.`id`, `main`.`User`.`email`, `main`.`User`.`username`, `main`.`User`.`name`, `main`.`User`.`avatar`, `main`.`User`.`tokenBalance`, `main`.`User`.`balance`, `main`.`User`.`totalSpent`, `main`.`User`.`referralCode`, `main`.`User`.`referredBy`, `main`.`User`.`createdAt` FROM `main`.`User` WHERE (`main`.`User`.`id` = ? AND 1=1) LIMIT ? OFFSET ?
2025-12-18 21:55:42: prisma:query SELECT `main`.`User`.`id`, `main`.`User`.`username`, `main`.`User`.`email`, `main`.`User`.`tokenBalance`, `main`.`User`.`balance` FROM `main`.`User` WHERE (`main`.`User`.`id` = ? AND 1=1) LIMIT ? OFFSET ?
2025-12-18 21:55:42: prisma:query INSERT INTO `main`.`UsageRecord` (`id`, `userId`, `type`, `model`, `tokens`, `cost`, `operation`, `createdAt`) VALUES (?,?,?,?,?,?,?,?) RETURNING `id` AS `id`, `userId` AS `userId`, `type` AS `type`, `model` AS `model`, `tokens` AS `tokens`, `cost` AS `cost`, `operation` AS `operation`, `ip` AS `ip`, `userAgent` AS `userAgent`, `createdAt` AS `createdAt`
2025-12-18 21:55:49: prisma:query SELECT `main`.`User`.`id`, `main`.`User`.`username`, `main`.`User`.`email`, `main`.`User`.`tokenBalance`, `main`.`User`.`balance` FROM `main`.`User` WHERE (`main`.`User`.`id` = ? AND 1=1) LIMIT ? OFFSET ?
2025-12-18 21:55:49: prisma:query SELECT `main`.`User`.`id`, `main`.`User`.`email`, `main`.`User`.`username`, `main`.`User`.`name`, `main`.`User`.`avatar`, `main`.`User`.`tokenBalance`, `main`.`User`.`balance`, `main`.`User`.`totalSpent`, `main`.`User`.`referralCode`, `main`.`User`.`referredBy`, `main`.`User`.`createdAt` FROM `main`.`User` WHERE (`main`.`User`.`id` = ? AND 1=1) LIMIT ? OFFSET ?
2025-12-18 21:55:49: prisma:query SELECT `main`.`User`.`id`, `main`.`User`.`username`, `main`.`User`.`email`, `main`.`User`.`tokenBalance`, `main`.`User`.`balance` FROM `main`.`User` WHERE (`main`.`User`.`id` = ? AND 1=1) LIMIT ? OFFSET ?
2025-12-18 21:55:49: prisma:query INSERT INTO `main`.`UsageRecord` (`id`, `userId`, `type`, `model`, `tokens`, `cost`, `operation`, `createdAt`) VALUES (?,?,?,?,?,?,?,?) RETURNING `id` AS `id`, `userId` AS `userId`, `type` AS `type`, `model` AS `model`, `tokens` AS `tokens`, `cost` AS `cost`, `operation` AS `operation`, `ip` AS `ip`, `userAgent` AS `userAgent`, `createdAt` AS `createdAt`
2025-12-18 21:56:33: prisma:query SELECT 1
2025-12-18 21:56:33: prisma:query SELECT `main`.`User`.`id`, `main`.`User`.`username`, `main`.`User`.`email`, `main`.`User`.`tokenBalance`, `main`.`User`.`balance` FROM `main`.`User` WHERE (`main`.`User`.`id` = ? AND 1=1) LIMIT ? OFFSET ?
2025-12-18 21:56:33: prisma:query SELECT `main`.`User`.`id`, `main`.`User`.`email`, `main`.`User`.`username`, `main`.`User`.`name`, `main`.`User`.`avatar`, `main`.`User`.`tokenBalance`, `main`.`User`.`balance`, `main`.`User`.`totalSpent`, `main`.`User`.`referralCode`, `main`.`User`.`referredBy`, `main`.`User`.`createdAt` FROM `main`.`User` WHERE (`main`.`User`.`id` = ? AND 1=1) LIMIT ? OFFSET ?
2025-12-18 21:56:33: prisma:query SELECT `main`.`User`.`id`, `main`.`User`.`username`, `main`.`User`.`email`, `main`.`User`.`tokenBalance`, `main`.`User`.`balance` FROM `main`.`User` WHERE (`main`.`User`.`id` = ? AND 1=1) LIMIT ? OFFSET ?
2025-12-18 21:56:33: prisma:query INSERT INTO `main`.`UsageRecord` (`id`, `userId`, `type`, `model`, `tokens`, `cost`, `operation`, `createdAt`) VALUES (?,?,?,?,?,?,?,?) RETURNING `id` AS `id`, `userId` AS `userId`, `type` AS `type`, `model` AS `model`, `tokens` AS `tokens`, `cost` AS `cost`, `operation` AS `operation`, `ip` AS `ip`, `userAgent` AS `userAgent`, `createdAt` AS `createdAt`
2025-12-18 21:59:25: prisma:query SELECT 1
2025-12-18 21:59:25: prisma:query SELECT `main`.`User`.`id`, `main`.`User`.`username`, `main`.`User`.`email`, `main`.`User`.`tokenBalance`, `main`.`User`.`balance` FROM `main`.`User` WHERE (`main`.`User`.`id` = ? AND 1=1) LIMIT ? OFFSET ?
2025-12-18 21:59:25: prisma:query SELECT `main`.`User`.`id`, `main`.`User`.`username`, `main`.`User`.`email`, `main`.`User`.`tokenBalance`, `main`.`User`.`balance` FROM `main`.`User` WHERE (`main`.`User`.`id` = ? AND 1=1) LIMIT ? OFFSET ?
2025-12-18 21:59:25: prisma:query SELECT `main`.`User`.`id`, `main`.`User`.`email`, `main`.`User`.`username`, `main`.`User`.`name`, `main`.`User`.`avatar`, `main`.`User`.`tokenBalance`, `main`.`User`.`balance`, `main`.`User`.`totalSpent`, `main`.`User`.`referralCode`, `main`.`User`.`referredBy`, `main`.`User`.`createdAt` FROM `main`.`User` WHERE (`main`.`User`.`id` = ? AND 1=1) LIMIT ? OFFSET ?
2025-12-18 21:59:25: prisma:query INSERT INTO `main`.`UsageRecord` (`id`, `userId`, `type`, `model`, `tokens`, `cost`, `operation`, `createdAt`) VALUES (?,?,?,?,?,?,?,?) RETURNING `id` AS `id`, `userId` AS `userId`, `type` AS `type`, `model` AS `model`, `tokens` AS `tokens`, `cost` AS `cost`, `operation` AS `operation`, `ip` AS `ip`, `userAgent` AS `userAgent`, `createdAt` AS `createdAt`
2025-12-18 21:59:32: prisma:query SELECT `main`.`User`.`id`, `main`.`User`.`username`, `main`.`User`.`email`, `main`.`User`.`tokenBalance`, `main`.`User`.`balance` FROM `main`.`User` WHERE (`main`.`User`.`id` = ? AND 1=1) LIMIT ? OFFSET ?
2025-12-18 21:59:32: prisma:query SELECT `main`.`User`.`id`, `main`.`User`.`email`, `main`.`User`.`username`, `main`.`User`.`name`, `main`.`User`.`avatar`, `main`.`User`.`tokenBalance`, `main`.`User`.`balance`, `main`.`User`.`totalSpent`, `main`.`User`.`referralCode`, `main`.`User`.`referredBy`, `main`.`User`.`createdAt` FROM `main`.`User` WHERE (`main`.`User`.`id` = ? AND 1=1) LIMIT ? OFFSET ?
2025-12-18 21:59:33: prisma:query SELECT `main`.`User`.`id`, `main`.`User`.`username`, `main`.`User`.`email`, `main`.`User`.`tokenBalance`, `main`.`User`.`balance` FROM `main`.`User` WHERE (`main`.`User`.`id` = ? AND 1=1) LIMIT ? OFFSET ?
2025-12-18 21:59:33: prisma:query INSERT INTO `main`.`UsageRecord` (`id`, `userId`, `type`, `model`, `tokens`, `cost`, `operation`, `createdAt`) VALUES (?,?,?,?,?,?,?,?) RETURNING `id` AS `id`, `userId` AS `userId`, `type` AS `type`, `model` AS `model`, `tokens` AS `tokens`, `cost` AS `cost`, `operation` AS `operation`, `ip` AS `ip`, `userAgent` AS `userAgent`, `createdAt` AS `createdAt`
2025-12-19 08:49:26:    ▲ Next.js 16.0.3
2025-12-19 08:49:26:    - Local:         http://localhost:3000
2025-12-19 08:49:26:    - Network:       http://10.176.3.40:3000
2025-12-19 08:49:26: 
2025-12-19 08:49:26:  ✓ Starting...
2025-12-19 08:49:27:  ✓ Ready in 1337ms
2025-12-19 09:16:04:    ▲ Next.js 16.0.3
2025-12-19 09:16:04:    - Local:         http://localhost:3000
2025-12-19 09:16:04:    - Network:       http://10.176.3.36:3000
2025-12-19 09:16:04: 
2025-12-19 09:16:04:  ✓ Starting...
2025-12-19 09:16:05:  ✓ Ready in 1317ms
2025-12-19 09:19:56:    ▲ Next.js 16.0.3
2025-12-19 09:19:56:    - Local:         http://localhost:3000
2025-12-19 09:19:56:    - Network:       http://10.176.3.36:3000
2025-12-19 09:19:56: 
2025-12-19 09:19:56:  ✓ Starting...
2025-12-19 09:19:57:  ✓ Ready in 1288ms
